2019-01-04 15:12:34: Welcome to IOTP Slave version 2.0.0
2019-01-04 15:12:34: IN CONFIG...
2019-01-04 15:12:34: d5
2019-01-04 15:12:34: d6
2019-01-04 15:12:34: d7
2019-01-04 15:12:34: d8
2019-01-04 15:12:34: CONFIG OK.
2019-01-04 15:13:03: Welcome to IOTP Slave version 2.0.0
2019-01-04 15:13:03: IN CONFIG...
2019-01-04 15:13:03: d5
2019-01-04 15:13:03: d6
2019-01-04 15:13:03: d7
2019-01-04 15:13:03: d8
2019-01-04 15:13:03: CONFIG OK.
2019-01-04 15:13:10: CONNECTING TO SERVER...
2019-01-04 15:13:51: RETRY...
2019-01-04 15:13:56: RETRY...
2019-01-04 15:14:01: RETRY...
2019-01-04 15:14:06: RETRY...
2019-01-04 15:14:11: RETRY...
2019-01-04 15:14:16: RETRY...
2019-01-04 15:14:21: RETRY...
2019-01-04 15:14:26: RETRY...
2019-01-04 15:14:30: CONNECTED.OK.
2019-01-04 15:14:30: TX: >> byte://21/d:4[d1,d2,d3,d4]/a:0[]

2019-01-04 15:14:30: RX: << [200,OK]
2019-01-04 15:14:30: HANDSHAKE.OK.
2019-01-04 15:14:30: EXIT.
2019-01-04 15:15:12: Welcome to IOTP Slave version 2.0.0
2019-01-04 15:15:12: IN CONFIG...
2019-01-04 15:15:12: d5
2019-01-04 15:15:12: d6
2019-01-04 15:15:12: d7
2019-01-04 15:15:12: d8
2019-01-04 15:15:12: CONFIG OK.
2019-01-04 15:15:22: CONNECTING TO SERVER...
2019-01-04 15:15:28: CONNECTED.OK.
2019-01-04 15:15:36: TX: >> byte://21/d:4[d1,d2,d3,d4]/a:0[]

2019-01-04 15:15:39: RX: << [200,OK]
2019-01-04 15:15:50: HANDSHAKE.OK.
2019-01-04 15:15:59: CONNECTING TO SERVER...
2019-01-04 15:15:59: CONNECTED.OK.
2019-01-04 15:15:59: TX: >> byte://21/d:4[d1,d2,d3,d4]/a:0[]

2019-01-04 15:15:59: RX: << [200,OK]
2019-01-04 15:15:59: HANDSHAKE.OK.
2019-01-04 15:18:19: Welcome to IOTP Slave version 2.0.0
2019-01-04 15:18:19: IN CONFIG...
2019-01-04 15:18:19: d5
2019-01-04 15:18:19: d6
2019-01-04 15:18:19: d7
2019-01-04 15:18:19: d8
2019-01-04 15:18:19: CONFIG OK.
2019-01-04 15:18:19: CONNECTING TO SERVER...
2019-01-04 15:18:19: CONNECTED.OK.
2019-01-04 15:18:19: TX: >> byte://21/d:4[d1,d2,d3,d4]/a:0[]

2019-01-04 15:18:19: RX: << [200,OK]
2019-01-04 15:18:19: HANDSHAKE.OK.
2019-01-04 15:18:45: Welcome to IOTP Slave version 2.0.0
2019-01-04 15:18:45: IN CONFIG...
2019-01-04 15:18:45: d5
2019-01-04 15:18:45: d6
2019-01-04 15:18:45: d7
2019-01-04 15:18:45: d8
2019-01-04 15:18:45: CONFIG OK.
2019-01-04 15:18:45: CONNECTING TO SERVER...
2019-01-04 15:18:45: CONNECTED.OK.
2019-01-04 15:18:45: TX: >> byte://21/d:4[d1,d2,d3,d4]/a:0[]

2019-01-04 15:18:45: RX: << [200,OK]
2019-01-04 15:18:45: HANDSHAKE.OK.
2019-01-04 15:19:29: Welcome to IOTP Slave version 2.0.0
2019-01-04 15:19:29: IN CONFIG...
2019-01-04 15:19:29: d5
2019-01-04 15:19:29: d6
2019-01-04 15:19:29: d7
2019-01-04 15:19:29: d8
2019-01-04 15:19:29: CONFIG OK.
2019-01-04 15:19:29: CONNECTING TO SERVER...
2019-01-04 15:19:29: CONNECTED.OK.
2019-01-04 15:19:29: TX: >> byte://21/d:4[d1,d2,d3,d4]/a:0[]

2019-01-04 15:19:29: RX: << [200,OK]
2019-01-04 15:19:29: HANDSHAKE.OK.
2019-01-04 15:19:40: WAIT FOR ETH...
2019-01-04 15:19:58: ETH OK.
2019-01-04 15:20:01: CREATING SERVER @ PORT10701...
2019-01-04 15:23:25: Welcome to IOTP Slave version 2.0.0
2019-01-04 15:23:25: IN CONFIG...
2019-01-04 15:23:25: d5
2019-01-04 15:23:25: d6
2019-01-04 15:23:25: d7
2019-01-04 15:23:25: d8
2019-01-04 15:23:25: CONFIG OK.
2019-01-04 15:23:25: CONNECTING TO SERVER...
2019-01-04 15:23:25: CONNECTED.OK.
2019-01-04 15:23:25: TX: >> byte://21/d:4[d1,d2,d3,d4]/a:0[]

2019-01-04 15:23:25: RX: << [200,OK]
2019-01-04 15:23:25: HANDSHAKE.OK.
2019-01-04 15:23:44: WAIT FOR ETH...
2019-01-04 15:23:54: ETH OK.
2019-01-04 15:23:54: CREATING SERVER @ PORT10701...
2019-01-04 15:24:38: Welcome to IOTP Slave version 2.0.0
2019-01-04 15:24:38: IN CONFIG...
2019-01-04 15:24:38: d5
2019-01-04 15:24:38: d6
2019-01-04 15:24:38: d7
2019-01-04 15:24:38: d8
2019-01-04 15:24:38: CONFIG OK.
2019-01-04 15:24:38: CONNECTING TO SERVER...
2019-01-04 15:24:38: CONNECTED.OK.
2019-01-04 15:24:38: TX: >> byte://21/d:4[d1,d2,d3,d4]/a:0[]

2019-01-04 15:24:38: RX: << [200,OK]
2019-01-04 15:24:38: HANDSHAKE.OK.
2019-01-04 15:24:38: WAIT FOR ETH...
2019-01-04 15:24:43: ETH OK.
2019-01-04 15:24:43: CREATING SERVER @ PORT10701...
2019-01-04 15:25:01: SERVER OK.RUNNING.
2019-01-04 15:25:20: Welcome to IOTP Slave version 2.0.0
2019-01-04 15:25:20: IN CONFIG...
2019-01-04 15:25:20: d5
2019-01-04 15:25:20: d6
2019-01-04 15:25:20: d7
2019-01-04 15:25:20: d8
2019-01-04 15:25:20: CONFIG OK.
2019-01-04 15:25:20: CONNECTING TO SERVER...
2019-01-04 15:25:20: CONNECTED.OK.
2019-01-04 15:25:20: TX: >> byte://21/d:4[d1,d2,d3,d4]/a:0[]

2019-01-04 15:25:20: RX: << [200,OK]
2019-01-04 15:25:20: HANDSHAKE.OK.
2019-01-04 15:25:20: WAIT FOR ETH...
2019-01-04 15:25:25: ETH OK.
2019-01-04 15:25:25: CREATING SERVER @ PORT10701...
2019-01-04 15:25:35: SERVER OK.RUNNING.
2019-01-04 15:25:48: WAIT FOR CMD...
2019-01-04 15:26:30: Welcome to IOTP Slave version 2.0.0
2019-01-04 15:26:30: IN CONFIG...
2019-01-04 15:26:30: d5
2019-01-04 15:26:30: d6
2019-01-04 15:26:30: d7
2019-01-04 15:26:30: d8
2019-01-04 15:26:30: CONFIG OK.
2019-01-04 15:26:30: CONNECTING TO SERVER...
2019-01-04 15:26:30: CONNECTED.OK.
2019-01-04 15:26:30: TX: >> byte://21/d:4[d1,d2,d3,d4]/a:0[]

2019-01-04 15:26:30: RX: << [200,OK]
2019-01-04 15:26:30: HANDSHAKE.OK.
2019-01-04 15:26:30: WAIT FOR ETH...
2019-01-04 15:26:35: ETH OK.
2019-01-04 15:26:35: CREATING SERVER @ PORT10701...
2019-01-04 15:26:35: SERVER OK.RUNNING.
2019-01-04 15:26:35: WAIT FOR CMD...
2019-01-04 15:50:25: Welcome to IOTP Slave version 2.0.0
2019-01-04 15:50:25: IN CONFIG...
2019-01-04 15:50:25: d5
2019-01-04 15:50:25: d6
2019-01-04 15:50:25: d7
2019-01-04 15:50:25: d8
2019-01-04 15:50:25: CONFIG OK.
2019-01-04 15:50:25: FINDING SERVER...
2019-01-04 15:50:25: CONNECTED.OK.
2019-01-04 15:50:25: TX: >> byte://21/d:4[d1,d2,d3,d4]/a:0[]

2019-01-04 15:50:25: RX: << [200,OK]
2019-01-04 15:50:25: HANDSHAKE.OK.
2019-01-04 15:50:35: WAIT FOR ETH...
2019-01-04 15:50:37: FINDING SERVER...
2019-01-04 15:50:37: CONNECTED.OK.
2019-01-04 15:50:37: TX: >> byte://21/d:4[d1,d2,d3,d4]/a:0[]

2019-01-04 15:50:37: RX: << [200,OK]
2019-01-04 15:50:37: HANDSHAKE.OK.
2019-01-04 15:50:40: ETH OK.
2019-01-04 15:50:40: CREATING SERVER @ PORT10701...
2019-01-04 15:50:40: SERVER OK.RUNNING.
2019-01-04 15:50:40: WAIT FOR CMD...
2019-01-04 15:50:46: FINDING SERVER...
2019-01-04 15:50:46: CONNECTED.OK.
2019-01-04 15:50:46: TX: >> byte://21/d:4[d1,d2,d3,d4]/a:0[]

2019-01-04 15:50:46: RX: << [200,OK]
2019-01-04 15:50:46: HANDSHAKE.OK.
2019-01-04 15:50:51: FINDING SERVER...
2019-01-04 15:50:51: CONNECTED.OK.
2019-01-04 15:50:51: TX: >> byte://21/d:4[d1,d2,d3,d4]/a:0[]

2019-01-04 15:50:51: RX: << [200,OK]
2019-01-04 15:50:51: HANDSHAKE.OK.
2019-01-04 15:51:14: Welcome to IOTP Slave version 2.0.0
2019-01-04 15:51:14: IN CONFIG...
2019-01-04 15:51:14: d5
2019-01-04 15:51:14: d6
2019-01-04 15:51:14: d7
2019-01-04 15:51:14: d8
2019-01-04 15:51:14: CONFIG OK.
2019-01-04 15:51:14: FINDING SERVER...
2019-01-04 15:51:14: CONNECTED.OK.
2019-01-04 15:51:14: TX: >> byte://21/d:4[d1,d2,d3,d4]/a:0[]

2019-01-04 15:51:14: RX: << [200,OK]
2019-01-04 15:51:14: HANDSHAKE.OK.
2019-01-04 15:51:14: WAIT FOR ETH...
2019-01-04 15:51:19: ETH OK.
2019-01-04 15:51:19: CREATING SERVER @ PORT10701...
2019-01-04 15:51:19: SERVER OK.RUNNING.
2019-01-04 15:51:19: WAIT FOR CMD...
2019-01-04 15:51:34: FINDING SERVER...
2019-01-04 15:51:34: CONNECTED.OK.
2019-01-04 15:51:34: TX: >> byte://21/d:4[d1,d2,d3,d4]/a:0[]

2019-01-04 15:51:34: RX: << [200,OK]
2019-01-04 15:51:34: HANDSHAKE.OK.
2019-01-04 15:51:54: FINDING SERVER...
2019-01-04 15:51:54: CONNECTED.OK.
2019-01-04 15:51:54: TX: >> byte://21/d:4[d1,d2,d3,d4]/a:0[]

2019-01-04 15:51:54: RX: << [200,OK]
2019-01-04 15:51:54: HANDSHAKE.OK.
2019-01-04 15:52:14: FINDING SERVER...
2019-01-04 15:52:15: RETRY...
2019-01-04 15:52:20: RETRY...
2019-01-04 15:52:25: RETRY...
2019-01-04 15:52:30: RETRY...
2019-01-04 15:52:35: CONNECTED.OK.
2019-01-04 15:52:35: TX: >> byte://21/d:4[d1,d2,d3,d4]/a:0[]

2019-01-04 15:52:35: RX: << [200,OK]
2019-01-04 15:52:35: HANDSHAKE.OK.
2019-01-05 00:28:17: Welcome to IOTP Slave version 2.0.0
2019-01-05 00:28:17: IN CONFIG...
2019-01-05 00:28:17: d5
2019-01-05 00:28:17: d6
2019-01-05 00:28:17: d7
2019-01-05 00:28:17: d8
2019-01-05 00:28:17: CONFIG OK.
2019-01-05 00:28:17: FINDING SERVER...
2019-01-05 00:28:32: EXIT.
2019-01-05 00:29:00: Welcome to IOTP Slave version 2.0.0
2019-01-05 00:29:00: IN CONFIG...
2019-01-05 00:29:00: d5
2019-01-05 00:29:00: d6
2019-01-05 00:29:00: d7
2019-01-05 00:29:00: d8
2019-01-05 00:29:00: CONFIG OK.
2019-01-05 00:29:00: FINDING SERVER @('192.168.0.44', 10700)...
2019-01-05 00:29:06: EXIT.
2019-01-05 00:29:32: Welcome to IOTP Slave version 2.0.0
2019-01-05 00:29:32: IN CONFIG...
2019-01-05 00:29:32: d5
2019-01-05 00:29:32: d6
2019-01-05 00:29:32: d7
2019-01-05 00:29:32: d8
2019-01-05 00:29:32: CONFIG OK.
2019-01-05 00:29:32: FINDING SERVER @('192.168.0.102', 10700)...
2019-01-05 00:29:32: CONNECTED.OK.
2019-01-05 00:29:32: TX: >> byte://21/d:4[d1,d2,d3,d4]/a:0[]

2019-01-05 00:29:32: RX: << [200,OK]
2019-01-05 00:29:32: HANDSHAKE.OK.
2019-01-05 00:29:32: WAIT FOR ETH...
2019-01-05 00:29:37: ETH OK.
2019-01-05 00:29:37: CREATING SERVER @ PORT10701...
2019-01-05 00:29:37: SERVER OK.RUNNING.
2019-01-05 00:29:37: WAIT FOR CMD...
2019-01-05 00:29:52: FINDING SERVER @('192.168.0.102', 10700)...
2019-01-05 00:29:52: CONNECTED.OK.
2019-01-05 00:29:52: TX: >> byte://21/d:4[d1,d2,d3,d4]/a:0[]

2019-01-05 00:29:52: RX: << [200,OK]
2019-01-05 00:29:52: HANDSHAKE.OK.
2019-01-05 00:30:12: FINDING SERVER @('192.168.0.102', 10700)...
2019-01-05 00:30:12: CONNECTED.OK.
2019-01-05 00:30:12: TX: >> byte://21/d:4[d1,d2,d3,d4]/a:0[]

2019-01-05 00:30:12: RX: << [200,OK]
2019-01-05 00:30:12: HANDSHAKE.OK.
2019-01-05 00:30:32: FINDING SERVER @('192.168.0.102', 10700)...
2019-01-05 00:30:32: CONNECTED.OK.
2019-01-05 00:30:32: TX: >> byte://21/d:4[d1,d2,d3,d4]/a:0[]

2019-01-05 00:30:32: RX: << [200,OK]
2019-01-05 00:30:32: HANDSHAKE.OK.
2019-01-05 00:30:52: FINDING SERVER @('192.168.0.102', 10700)...
2019-01-05 00:30:52: CONNECTED.OK.
2019-01-05 00:30:52: TX: >> byte://21/d:4[d1,d2,d3,d4]/a:0[]

2019-01-05 00:30:52: RX: << [200,OK]
2019-01-05 00:30:52: HANDSHAKE.OK.
2019-01-05 00:31:12: FINDING SERVER @('192.168.0.102', 10700)...
2019-01-05 00:31:12: CONNECTED.OK.
2019-01-05 00:31:12: TX: >> byte://21/d:4[d1,d2,d3,d4]/a:0[]

2019-01-05 00:31:12: RX: << [200,OK]
2019-01-05 00:31:12: HANDSHAKE.OK.
2019-01-05 00:31:32: FINDING SERVER @('192.168.0.102', 10700)...
2019-01-05 00:31:32: CONNECTED.OK.
2019-01-05 00:31:32: TX: >> byte://21/d:4[d1,d2,d3,d4]/a:0[]

2019-01-05 00:31:32: RX: << [200,OK]
2019-01-05 00:31:32: HANDSHAKE.OK.
2019-01-05 00:31:52: FINDING SERVER @('192.168.0.102', 10700)...
2019-01-05 00:31:52: CONNECTED.OK.
2019-01-05 00:31:52: TX: >> byte://21/d:4[d1,d2,d3,d4]/a:0[]

2019-01-05 00:31:52: RX: << [200,OK]
2019-01-05 00:31:52: HANDSHAKE.OK.
2019-01-05 00:32:12: FINDING SERVER @('192.168.0.102', 10700)...
2019-01-05 00:32:12: CONNECTED.OK.
2019-01-05 00:32:12: TX: >> byte://21/d:4[d1,d2,d3,d4]/a:0[]

2019-01-05 00:32:12: RX: << [200,OK]
2019-01-05 00:32:12: HANDSHAKE.OK.
2019-01-05 00:32:32: FINDING SERVER @('192.168.0.102', 10700)...
2019-01-05 00:32:32: CONNECTED.OK.
2019-01-05 00:32:32: TX: >> byte://21/d:4[d1,d2,d3,d4]/a:0[]

2019-01-05 00:32:32: RX: << [200,OK]
2019-01-05 00:32:32: HANDSHAKE.OK.
2019-01-05 00:32:52: FINDING SERVER @('192.168.0.102', 10700)...
2019-01-05 00:32:52: CONNECTED.OK.
2019-01-05 00:32:52: TX: >> byte://21/d:4[d1,d2,d3,d4]/a:0[]

2019-01-05 00:32:52: RX: << [200,OK]
2019-01-05 00:32:52: HANDSHAKE.OK.
2019-01-05 00:33:12: FINDING SERVER @('192.168.0.102', 10700)...
2019-01-05 00:33:12: CONNECTED.OK.
2019-01-05 00:33:12: TX: >> byte://21/d:4[d1,d2,d3,d4]/a:0[]

2019-01-05 00:33:12: RX: << [200,OK]
2019-01-05 00:33:12: HANDSHAKE.OK.
2019-01-05 00:33:32: FINDING SERVER @('192.168.0.102', 10700)...
2019-01-05 00:33:32: CONNECTED.OK.
2019-01-05 00:33:32: TX: >> byte://21/d:4[d1,d2,d3,d4]/a:0[]

2019-01-05 00:33:32: RX: << [200,OK]
2019-01-05 00:33:32: HANDSHAKE.OK.
2019-01-05 00:33:52: FINDING SERVER @('192.168.0.102', 10700)...
2019-01-05 00:33:52: CONNECTED.OK.
2019-01-05 00:33:52: TX: >> byte://21/d:4[d1,d2,d3,d4]/a:0[]

2019-01-05 00:33:52: RX: << [200,OK]
2019-01-05 00:33:52: HANDSHAKE.OK.
2019-01-05 00:34:12: FINDING SERVER @('192.168.0.102', 10700)...
2019-01-05 00:34:12: CONNECTED.OK.
2019-01-05 00:34:12: TX: >> byte://21/d:4[d1,d2,d3,d4]/a:0[]

2019-01-05 00:34:12: RX: << [200,OK]
2019-01-05 00:34:12: HANDSHAKE.OK.
2019-01-05 00:34:32: FINDING SERVER @('192.168.0.102', 10700)...
2019-01-05 00:34:32: CONNECTED.OK.
2019-01-05 00:34:32: TX: >> byte://21/d:4[d1,d2,d3,d4]/a:0[]

2019-01-05 00:34:32: RX: << [200,OK]
2019-01-05 00:34:32: HANDSHAKE.OK.
2019-01-05 00:34:52: FINDING SERVER @('192.168.0.102', 10700)...
2019-01-05 00:34:52: CONNECTED.OK.
2019-01-05 00:34:52: TX: >> byte://21/d:4[d1,d2,d3,d4]/a:0[]

2019-01-05 00:34:52: RX: << [200,OK]
2019-01-05 00:34:52: HANDSHAKE.OK.
2019-01-05 00:35:12: FINDING SERVER @('192.168.0.102', 10700)...
2019-01-05 00:35:12: CONNECTED.OK.
2019-01-05 00:35:12: TX: >> byte://21/d:4[d1,d2,d3,d4]/a:0[]

2019-01-05 00:35:12: RX: << [200,OK]
2019-01-05 00:35:12: HANDSHAKE.OK.
2019-01-05 00:35:32: FINDING SERVER @('192.168.0.102', 10700)...
2019-01-05 00:35:32: CONNECTED.OK.
2019-01-05 00:35:32: TX: >> byte://21/d:4[d1,d2,d3,d4]/a:0[]

2019-01-05 00:35:32: RX: << [200,OK]
2019-01-05 00:35:32: HANDSHAKE.OK.
2019-01-05 00:35:52: FINDING SERVER @('192.168.0.102', 10700)...
2019-01-05 00:35:52: CONNECTED.OK.
2019-01-05 00:35:52: TX: >> byte://21/d:4[d1,d2,d3,d4]/a:0[]

2019-01-05 00:35:52: RX: << [200,OK]
2019-01-05 00:35:52: HANDSHAKE.OK.
2019-01-05 00:36:12: FINDING SERVER @('192.168.0.102', 10700)...
2019-01-05 00:36:12: CONNECTED.OK.
2019-01-05 00:36:12: TX: >> byte://21/d:4[d1,d2,d3,d4]/a:0[]

2019-01-05 00:36:12: RX: << [200,OK]
2019-01-05 00:36:12: HANDSHAKE.OK.
2019-01-05 00:36:32: FINDING SERVER @('192.168.0.102', 10700)...
2019-01-05 00:36:32: CONNECTED.OK.
2019-01-05 00:36:32: TX: >> byte://21/d:4[d1,d2,d3,d4]/a:0[]

2019-01-05 00:36:32: RX: << [200,OK]
2019-01-05 00:36:32: HANDSHAKE.OK.
2019-01-05 00:36:52: FINDING SERVER @('192.168.0.102', 10700)...
2019-01-05 00:36:52: CONNECTED.OK.
2019-01-05 00:36:52: TX: >> byte://21/d:4[d1,d2,d3,d4]/a:0[]

2019-01-05 00:36:52: RX: << [200,OK]
2019-01-05 00:36:52: HANDSHAKE.OK.
2019-01-05 00:37:12: FINDING SERVER @('192.168.0.102', 10700)...
2019-01-05 00:37:12: CONNECTED.OK.
2019-01-05 00:37:12: TX: >> byte://21/d:4[d1,d2,d3,d4]/a:0[]

2019-01-05 00:37:12: RX: << [200,OK]
2019-01-05 00:37:12: HANDSHAKE.OK.
2019-01-05 00:37:32: FINDING SERVER @('192.168.0.102', 10700)...
2019-01-05 00:37:32: CONNECTED.OK.
2019-01-05 00:37:32: TX: >> byte://21/d:4[d1,d2,d3,d4]/a:0[]

2019-01-05 00:37:32: RX: << [200,OK]
2019-01-05 00:37:32: HANDSHAKE.OK.
2019-01-05 00:37:52: FINDING SERVER @('192.168.0.102', 10700)...
2019-01-05 00:37:52: CONNECTED.OK.
2019-01-05 00:37:52: TX: >> byte://21/d:4[d1,d2,d3,d4]/a:0[]

2019-01-05 00:37:52: RX: << [200,OK]
2019-01-05 00:37:52: HANDSHAKE.OK.
2019-01-05 00:38:12: FINDING SERVER @('192.168.0.102', 10700)...
2019-01-05 00:38:12: RETRY...
2019-01-05 00:38:16: RETRY...
2019-01-05 00:38:20: RETRY...
2019-01-05 00:38:24: RETRY...
2019-01-05 00:38:28: RETRY...
2019-01-05 00:38:32: RETRY...
2019-01-05 00:38:36: RETRY...
2019-01-05 00:38:40: RETRY...
2019-01-05 00:38:44: RETRY...
2019-01-05 00:38:48: RETRY...
2019-01-05 00:38:52: RETRY...
2019-01-05 00:38:56: RETRY...
2019-01-05 00:39:00: RETRY...
2019-01-05 00:39:04: RETRY...
2019-01-05 00:39:08: RETRY...
2019-01-05 00:39:12: RETRY...
2019-01-05 00:39:16: RETRY...
2019-01-05 00:39:20: RETRY...
2019-01-05 00:39:24: RETRY...
2019-01-05 00:39:28: RETRY...
2019-01-05 00:39:32: RETRY...
2019-01-05 00:39:36: RETRY...
2019-01-05 00:39:40: RETRY...
2019-01-05 00:39:44: RETRY...
2019-01-05 00:39:48: RETRY...
2019-01-05 00:39:52: RETRY...
2019-01-05 00:39:56: RETRY...
2019-01-05 00:40:00: RETRY...
2019-01-05 00:40:04: RETRY...
2019-01-05 00:40:08: RETRY...
2019-01-05 00:40:12: RETRY...
2019-01-05 00:40:16: RETRY...
2019-01-05 00:40:20: RETRY...
2019-01-05 00:40:24: RETRY...
2019-01-05 00:40:28: RETRY...
2019-01-05 00:40:32: RETRY...
2019-01-05 00:40:36: RETRY...
2019-01-05 00:40:40: RETRY...
2019-01-05 00:40:44: RETRY...
2019-01-05 00:40:48: CONNECTED.OK.
2019-01-05 00:40:48: TX: >> byte://21/d:4[d1,d2,d3,d4]/a:0[]

2019-01-05 00:40:48: RX: << [200,OK]
2019-01-05 00:40:48: HANDSHAKE.OK.
2019-01-05 00:41:08: FINDING SERVER @('192.168.0.102', 10700)...
2019-01-05 00:41:08: CONNECTED.OK.
2019-01-05 00:41:08: TX: >> byte://21/d:4[d1,d2,d3,d4]/a:0[]

2019-01-05 00:41:08: RX: << [200,OK]
2019-01-05 00:41:08: HANDSHAKE.OK.
2019-01-05 00:41:28: FINDING SERVER @('192.168.0.102', 10700)...
2019-01-05 00:41:28: CONNECTED.OK.
2019-01-05 00:41:28: TX: >> byte://21/d:4[d1,d2,d3,d4]/a:0[]

2019-01-05 00:41:28: RX: << [200,OK]
2019-01-05 00:41:28: HANDSHAKE.OK.
2019-01-05 00:41:48: FINDING SERVER @('192.168.0.102', 10700)...
2019-01-05 00:41:48: CONNECTED.OK.
2019-01-05 00:41:48: TX: >> byte://21/d:4[d1,d2,d3,d4]/a:0[]

2019-01-05 00:41:48: RX: << [200,OK]
2019-01-05 00:41:48: HANDSHAKE.OK.
2019-01-05 00:42:08: FINDING SERVER @('192.168.0.102', 10700)...
2019-01-05 00:42:08: CONNECTED.OK.
2019-01-05 00:42:08: TX: >> byte://21/d:4[d1,d2,d3,d4]/a:0[]

2019-01-05 00:42:08: RX: << [200,OK]
2019-01-05 00:42:08: HANDSHAKE.OK.
2019-01-05 00:42:28: FINDING SERVER @('192.168.0.102', 10700)...
2019-01-05 00:42:28: CONNECTED.OK.
2019-01-05 00:42:28: TX: >> byte://21/d:4[d1,d2,d3,d4]/a:0[]

2019-01-05 00:42:28: RX: << [200,OK]
2019-01-05 00:42:28: HANDSHAKE.OK.
2019-01-05 00:42:48: FINDING SERVER @('192.168.0.102', 10700)...
2019-01-05 00:42:48: CONNECTED.OK.
2019-01-05 00:42:48: TX: >> byte://21/d:4[d1,d2,d3,d4]/a:0[]

2019-01-05 00:42:48: RX: << [200,OK]
2019-01-05 00:42:48: HANDSHAKE.OK.
2019-01-05 00:43:08: FINDING SERVER @('192.168.0.102', 10700)...
2019-01-05 00:43:08: RETRY...
2019-01-05 00:43:12: RETRY...
2019-01-05 00:43:16: RETRY...
2019-01-05 00:43:21: RETRY...
2019-01-05 00:43:25: RETRY...
2019-01-05 00:43:29: RETRY...
2019-01-05 00:43:33: RETRY...
2019-01-05 00:43:37: RETRY...
2019-01-05 00:43:41: RETRY...
2019-01-05 00:43:45: RETRY...
2019-01-05 00:43:49: RETRY...
2019-01-05 00:43:53: RETRY...
2019-01-05 00:43:57: RETRY...
2019-01-05 00:44:01: RETRY...
2019-01-05 00:44:05: RETRY...
2019-01-05 00:44:09: RETRY...
2019-01-05 00:44:13: RETRY...
2019-01-05 00:44:17: RETRY...
2019-01-05 00:44:21: RETRY...
2019-01-05 00:44:25: RETRY...
2019-01-05 00:44:29: RETRY...
2019-01-05 00:44:33: RETRY...
2019-01-05 00:44:37: RETRY...
2019-01-05 00:44:41: RETRY...
2019-01-05 00:44:45: RETRY...
2019-01-05 00:44:49: RETRY...
2019-01-05 00:44:53: RETRY...
2019-01-05 00:44:57: RETRY...
2019-01-05 00:45:01: RETRY...
2019-01-05 00:45:05: RETRY...
2019-01-05 00:45:09: RETRY...
2019-01-05 00:45:13: RETRY...
2019-01-05 00:45:17: RETRY...
2019-01-05 00:45:21: RETRY...
2019-01-05 00:45:25: RETRY...
2019-01-05 00:45:29: RETRY...
2019-01-05 00:45:33: RETRY...
2019-01-05 00:45:37: RETRY...
2019-01-05 00:45:41: RETRY...
2019-01-05 00:45:45: RETRY...
2019-01-05 00:45:49: RETRY...
2019-01-05 00:45:53: RETRY...
2019-01-05 00:45:57: RETRY...
2019-01-05 00:46:01: RETRY...
2019-01-05 00:46:05: RETRY...
2019-01-05 00:46:09: RETRY...
2019-01-05 00:46:13: RETRY...
2019-01-05 00:46:17: RETRY...
2019-01-05 00:46:21: RETRY...
2019-01-05 00:46:25: RETRY...
2019-01-05 00:46:29: RETRY...
2019-01-05 00:46:33: RETRY...
2019-01-05 00:46:37: RETRY...
2019-01-05 00:46:41: RETRY...
2019-01-05 00:46:45: RETRY...
2019-01-05 00:46:49: RETRY...
2019-01-05 00:46:53: RETRY...
2019-01-05 00:46:57: RETRY...
2019-01-05 00:47:01: RETRY...
2019-01-05 00:47:05: RETRY...
2019-01-05 00:47:09: RETRY...
2019-01-05 00:47:13: RETRY...
2019-01-05 00:47:17: RETRY...
2019-01-05 00:47:21: RETRY...
2019-01-05 00:47:25: RETRY...
2019-01-05 00:47:29: CONNECTED.OK.
2019-01-05 00:47:29: TX: >> byte://21/d:4[d1,d2,d3,d4]/a:0[]

2019-01-05 00:48:34: RX: << None
2019-01-05 00:48:54: FINDING SERVER @('192.168.0.102', 10700)...
2019-01-05 00:48:54: RETRY...
2019-01-05 00:48:58: RETRY...
2019-01-05 00:49:02: RETRY...
2019-01-05 00:49:06: RETRY...
2019-01-05 00:49:10: RETRY...
2019-01-05 00:49:14: RETRY...
2019-01-05 00:49:18: RETRY...
2019-01-05 00:49:22: RETRY...
2019-01-05 00:49:26: RETRY...
2019-01-05 00:49:30: RETRY...
2019-01-05 00:49:34: RETRY...
2019-01-05 00:49:38: RETRY...
2019-01-05 00:49:42: RETRY...
2019-01-05 00:49:46: RETRY...
2019-01-05 00:49:50: RETRY...
2019-01-05 00:49:54: RETRY...
2019-01-05 00:49:58: RETRY...
2019-01-05 00:50:02: RETRY...
2019-01-05 00:50:06: RETRY...
2019-01-05 00:50:10: RETRY...
2019-01-05 00:50:14: RETRY...
2019-01-05 00:50:18: RETRY...
2019-01-05 00:50:22: RETRY...
2019-01-05 00:50:26: RETRY...
2019-01-05 00:50:30: RETRY...
2019-01-05 00:50:34: RETRY...
2019-01-05 00:50:38: RETRY...
2019-01-05 00:50:42: RETRY...
2019-01-05 00:50:46: RETRY...
2019-01-05 00:50:50: RETRY...
2019-01-05 00:50:54: RETRY...
2019-01-05 00:50:58: RETRY...
2019-01-05 00:51:02: RETRY...
2019-01-05 00:51:06: RETRY...
2019-01-05 00:51:10: RETRY...
2019-01-05 00:51:14: RETRY...
2019-01-05 00:51:18: RETRY...
2019-01-05 00:51:22: RETRY...
2019-01-05 00:51:26: RETRY...
2019-01-05 00:51:30: RETRY...
2019-01-05 00:51:34: RETRY...
2019-01-05 00:51:38: RETRY...
2019-01-05 00:51:42: RETRY...
2019-01-05 00:51:46: RETRY...
2019-01-05 00:51:50: RETRY...
2019-01-05 00:51:54: RETRY...
2019-01-05 00:51:58: RETRY...
2019-01-05 00:52:02: RETRY...
2019-01-05 00:52:06: RETRY...
2019-01-05 00:52:10: RETRY...
2019-01-05 00:52:14: RETRY...
2019-01-05 00:52:18: RETRY...
2019-01-05 00:52:22: RETRY...
2019-01-05 00:52:26: RETRY...
2019-01-05 00:52:30: RETRY...
2019-01-05 00:52:34: RETRY...
2019-01-05 00:52:38: RETRY...
2019-01-05 00:52:42: RETRY...
2019-01-05 00:52:46: RETRY...
2019-01-05 00:52:50: RETRY...
2019-01-05 00:52:54: RETRY...
2019-01-05 00:52:58: RETRY...
2019-01-05 00:53:02: CONNECTED.OK.
2019-01-05 00:53:02: TX: >> byte://21/d:4[d1,d2,d3,d4]/a:0[]

2019-01-05 00:53:06: RX: << [200,OK]
2019-01-05 00:53:06: HANDSHAKE.OK.
2019-01-05 00:53:26: FINDING SERVER @('192.168.0.102', 10700)...
2019-01-05 00:53:26: CONNECTED.OK.
2019-01-05 00:53:26: TX: >> byte://21/d:4[d1,d2,d3,d4]/a:0[]

2019-01-05 00:53:26: RX: << [200,OK]
2019-01-05 00:53:26: HANDSHAKE.OK.
2019-01-05 00:53:46: FINDING SERVER @('192.168.0.102', 10700)...
2019-01-05 00:53:46: CONNECTED.OK.
2019-01-05 00:53:46: TX: >> byte://21/d:4[d1,d2,d3,d4]/a:0[]

2019-01-05 00:53:46: RX: << [200,OK]
2019-01-05 00:53:46: HANDSHAKE.OK.
2019-01-05 00:54:06: FINDING SERVER @('192.168.0.102', 10700)...
2019-01-05 00:54:06: CONNECTED.OK.
2019-01-05 00:54:06: TX: >> byte://21/d:4[d1,d2,d3,d4]/a:0[]

2019-01-05 00:54:06: RX: << [200,OK]
2019-01-05 00:54:06: HANDSHAKE.OK.
2019-01-05 00:54:26: FINDING SERVER @('192.168.0.102', 10700)...
2019-01-05 00:54:26: CONNECTED.OK.
2019-01-05 00:54:26: TX: >> byte://21/d:4[d1,d2,d3,d4]/a:0[]

2019-01-05 00:54:26: RX: << [200,OK]
2019-01-05 00:54:26: HANDSHAKE.OK.
2019-01-05 00:54:46: FINDING SERVER @('192.168.0.102', 10700)...
2019-01-05 00:54:46: CONNECTED.OK.
2019-01-05 00:54:46: TX: >> byte://21/d:4[d1,d2,d3,d4]/a:0[]

2019-01-05 00:54:46: RX: << [200,OK]
2019-01-05 00:54:46: HANDSHAKE.OK.
2019-01-05 00:55:06: FINDING SERVER @('192.168.0.102', 10700)...
2019-01-05 00:55:06: CONNECTED.OK.
2019-01-05 00:55:06: TX: >> byte://21/d:4[d1,d2,d3,d4]/a:0[]

2019-01-05 00:55:06: RX: << [200,OK]
2019-01-05 00:55:06: HANDSHAKE.OK.
2019-01-05 00:55:26: FINDING SERVER @('192.168.0.102', 10700)...
2019-01-05 00:55:26: CONNECTED.OK.
2019-01-05 00:55:26: TX: >> byte://21/d:4[d1,d2,d3,d4]/a:0[]

2019-01-05 00:55:26: RX: << [200,OK]
2019-01-05 00:55:26: HANDSHAKE.OK.
2019-01-05 00:55:46: FINDING SERVER @('192.168.0.102', 10700)...
2019-01-05 00:55:46: CONNECTED.OK.
2019-01-05 00:55:46: TX: >> byte://21/d:4[d1,d2,d3,d4]/a:0[]

2019-01-05 00:55:46: RX: << [200,OK]
2019-01-05 00:55:46: HANDSHAKE.OK.
2019-01-05 00:56:06: FINDING SERVER @('192.168.0.102', 10700)...
2019-01-05 00:56:06: RETRY...
2019-01-05 00:56:10: RETRY...
2019-01-05 00:56:14: RETRY...
2019-01-05 00:56:18: RETRY...
2019-01-05 00:56:22: RETRY...
2019-01-05 00:56:26: RETRY...
2019-01-05 00:56:30: RETRY...
2019-01-05 00:56:34: RETRY...
2019-01-05 00:56:38: RETRY...
2019-01-05 00:56:42: RETRY...
2019-01-05 00:56:46: RETRY...
2019-01-05 00:56:50: RETRY...
2019-01-05 00:56:54: RETRY...
2019-01-05 00:56:58: CONNECTED.OK.
2019-01-05 00:56:58: TX: >> byte://21/d:4[d1,d2,d3,d4]/a:0[]

2019-01-05 00:56:58: RX: << [200,OK]
2019-01-05 00:56:58: HANDSHAKE.OK.
2019-01-05 00:57:08: RECEIVED
2019-01-05 00:57:08: WAIT FOR CMD...
2019-01-05 00:57:18: FINDING SERVER @('192.168.0.102', 10700)...
2019-01-05 00:57:18: CONNECTED.OK.
2019-01-05 00:57:18: TX: >> byte://21/d:4[d1,d2,d3,d4]/a:0[]

2019-01-05 00:57:18: RX: << [200,OK]
2019-01-05 00:57:18: HANDSHAKE.OK.
2019-01-05 00:57:38: FINDING SERVER @('192.168.0.102', 10700)...
2019-01-05 00:57:38: CONNECTED.OK.
2019-01-05 00:57:38: TX: >> byte://21/d:4[d1,d2,d3,d4]/a:0[]

2019-01-05 00:57:38: RX: << [200,OK]
2019-01-05 00:57:38: HANDSHAKE.OK.
2019-01-05 00:57:58: FINDING SERVER @('192.168.0.102', 10700)...
2019-01-05 00:57:58: CONNECTED.OK.
2019-01-05 00:57:58: TX: >> byte://21/d:4[d1,d2,d3,d4]/a:0[]

2019-01-05 00:57:58: RX: << [200,OK]
2019-01-05 00:57:58: HANDSHAKE.OK.
2019-01-05 00:58:18: FINDING SERVER @('192.168.0.102', 10700)...
2019-01-05 00:58:18: CONNECTED.OK.
2019-01-05 00:58:18: TX: >> byte://21/d:4[d1,d2,d3,d4]/a:0[]

2019-01-05 00:58:18: RX: << [200,OK]
2019-01-05 00:58:18: HANDSHAKE.OK.
2019-01-05 00:58:21: RECEIVED
2019-01-05 00:58:21: WAIT FOR CMD...
2019-01-05 00:58:29: RECEIVED
2019-01-05 00:58:29: WAIT FOR CMD...
2019-01-05 00:58:37: RECEIVED
2019-01-05 00:58:37: WAIT FOR CMD...
2019-01-05 00:58:38: FINDING SERVER @('192.168.0.102', 10700)...
2019-01-05 00:58:38: CONNECTED.OK.
2019-01-05 00:58:38: TX: >> byte://21/d:4[d1,d2,d3,d4]/a:0[]

2019-01-05 00:58:38: RX: << [200,OK]
2019-01-05 00:58:38: HANDSHAKE.OK.
2019-01-05 00:58:41: RECEIVED
2019-01-05 00:58:41: WAIT FOR CMD...
2019-01-05 00:58:45: RECEIVED
2019-01-05 00:58:45: WAIT FOR CMD...
2019-01-05 00:58:49: RECEIVED
2019-01-05 00:58:49: WAIT FOR CMD...
2019-01-05 00:58:53: RECEIVED
2019-01-05 00:58:53: WAIT FOR CMD...
2019-01-05 00:58:56: RECEIVED
2019-01-05 00:58:56: WAIT FOR CMD...
2019-01-05 00:58:58: FINDING SERVER @('192.168.0.102', 10700)...
2019-01-05 00:58:58: CONNECTED.OK.
2019-01-05 00:58:58: TX: >> byte://21/d:4[d1,d2,d3,d4]/a:0[]

2019-01-05 00:58:58: RX: << [200,OK]
2019-01-05 00:58:58: HANDSHAKE.OK.
2019-01-05 00:59:00: RECEIVED
2019-01-05 00:59:00: WAIT FOR CMD...
2019-01-05 00:59:04: RECEIVED
2019-01-05 00:59:04: WAIT FOR CMD...
2019-01-05 00:59:07: RECEIVED
2019-01-05 00:59:07: WAIT FOR CMD...
2019-01-05 00:59:18: FINDING SERVER @('192.168.0.102', 10700)...
2019-01-05 00:59:18: CONNECTED.OK.
2019-01-05 00:59:18: TX: >> byte://21/d:4[d1,d2,d3,d4]/a:0[]

2019-01-05 00:59:18: RX: << [200,OK]
2019-01-05 00:59:18: HANDSHAKE.OK.
2019-01-05 00:59:38: FINDING SERVER @('192.168.0.102', 10700)...
2019-01-05 00:59:38: CONNECTED.OK.
2019-01-05 00:59:38: TX: >> byte://21/d:4[d1,d2,d3,d4]/a:0[]

2019-01-05 00:59:38: RX: << [200,OK]
2019-01-05 00:59:38: HANDSHAKE.OK.
2019-01-05 00:59:58: FINDING SERVER @('192.168.0.102', 10700)...
2019-01-05 00:59:58: CONNECTED.OK.
2019-01-05 00:59:58: TX: >> byte://21/d:4[d1,d2,d3,d4]/a:0[]

2019-01-05 00:59:58: RX: << [200,OK]
2019-01-05 00:59:58: HANDSHAKE.OK.
2019-01-05 01:00:00: RECEIVED
2019-01-05 01:00:00: WAIT FOR CMD...
2019-01-05 01:00:12: RECEIVED
2019-01-05 01:00:12: WAIT FOR CMD...
2019-01-05 01:00:18: FINDING SERVER @('192.168.0.102', 10700)...
2019-01-05 01:00:18: CONNECTED.OK.
2019-01-05 01:00:18: TX: >> byte://21/d:4[d1,d2,d3,d4]/a:0[]

2019-01-05 01:00:18: RX: << [200,OK]
2019-01-05 01:00:18: HANDSHAKE.OK.
2019-01-05 01:00:38: FINDING SERVER @('192.168.0.102', 10700)...
2019-01-05 01:00:38: CONNECTED.OK.
2019-01-05 01:00:38: TX: >> byte://21/d:4[d1,d2,d3,d4]/a:0[]

2019-01-05 01:00:38: RX: << [200,OK]
2019-01-05 01:00:38: HANDSHAKE.OK.
2019-01-05 01:00:58: FINDING SERVER @('192.168.0.102', 10700)...
2019-01-05 01:00:58: CONNECTED.OK.
2019-01-05 01:00:58: TX: >> byte://21/d:4[d1,d2,d3,d4]/a:0[]

2019-01-05 01:00:58: RX: << [200,OK]
2019-01-05 01:00:58: HANDSHAKE.OK.
2019-01-05 01:01:18: FINDING SERVER @('192.168.0.102', 10700)...
2019-01-05 01:01:18: CONNECTED.OK.
2019-01-05 01:01:18: TX: >> byte://21/d:4[d1,d2,d3,d4]/a:0[]

2019-01-05 01:01:18: RX: << [200,OK]
2019-01-05 01:01:18: HANDSHAKE.OK.
2019-01-05 01:01:38: FINDING SERVER @('192.168.0.102', 10700)...
2019-01-05 01:01:38: CONNECTED.OK.
2019-01-05 01:01:38: TX: >> byte://21/d:4[d1,d2,d3,d4]/a:0[]

2019-01-05 01:01:38: RX: << [200,OK]
2019-01-05 01:01:38: HANDSHAKE.OK.
2019-01-05 01:01:58: FINDING SERVER @('192.168.0.102', 10700)...
2019-01-05 01:01:58: CONNECTED.OK.
2019-01-05 01:01:58: TX: >> byte://21/d:4[d1,d2,d3,d4]/a:0[]

2019-01-05 01:01:58: RX: << [200,OK]
2019-01-05 01:01:58: HANDSHAKE.OK.
2019-01-05 01:02:18: FINDING SERVER @('192.168.0.102', 10700)...
2019-01-05 01:02:18: CONNECTED.OK.
2019-01-05 01:02:18: TX: >> byte://21/d:4[d1,d2,d3,d4]/a:0[]

2019-01-05 01:02:18: RX: << [200,OK]
2019-01-05 01:02:18: HANDSHAKE.OK.
2019-01-05 01:02:38: FINDING SERVER @('192.168.0.102', 10700)...
2019-01-05 01:02:38: CONNECTED.OK.
2019-01-05 01:02:38: TX: >> byte://21/d:4[d1,d2,d3,d4]/a:0[]

2019-01-05 01:02:38: RX: << [200,OK]
2019-01-05 01:02:38: HANDSHAKE.OK.
2019-01-05 01:02:58: FINDING SERVER @('192.168.0.102', 10700)...
2019-01-05 01:02:58: CONNECTED.OK.
2019-01-05 01:02:58: TX: >> byte://21/d:4[d1,d2,d3,d4]/a:0[]

2019-01-05 01:02:58: RX: << [200,OK]
2019-01-05 01:02:58: HANDSHAKE.OK.
2019-01-05 01:03:18: FINDING SERVER @('192.168.0.102', 10700)...
2019-01-05 01:03:18: CONNECTED.OK.
2019-01-05 01:03:18: TX: >> byte://21/d:4[d1,d2,d3,d4]/a:0[]

2019-01-05 01:03:18: RX: << [200,OK]
2019-01-05 01:03:18: HANDSHAKE.OK.
2019-01-05 01:03:38: FINDING SERVER @('192.168.0.102', 10700)...
2019-01-05 01:03:38: CONNECTED.OK.
2019-01-05 01:03:38: TX: >> byte://21/d:4[d1,d2,d3,d4]/a:0[]

2019-01-05 01:03:38: RX: << [200,OK]
2019-01-05 01:03:38: HANDSHAKE.OK.
2019-01-05 01:03:58: FINDING SERVER @('192.168.0.102', 10700)...
2019-01-05 01:03:58: CONNECTED.OK.
2019-01-05 01:03:58: TX: >> byte://21/d:4[d1,d2,d3,d4]/a:0[]

2019-01-05 01:03:58: RX: << [200,OK]
2019-01-05 01:03:58: HANDSHAKE.OK.
2019-01-05 01:04:18: FINDING SERVER @('192.168.0.102', 10700)...
2019-01-05 01:04:18: CONNECTED.OK.
2019-01-05 01:04:18: TX: >> byte://21/d:4[d1,d2,d3,d4]/a:0[]

2019-01-05 01:04:18: RX: << [200,OK]
2019-01-05 01:04:18: HANDSHAKE.OK.
2019-01-05 01:04:38: FINDING SERVER @('192.168.0.102', 10700)...
2019-01-05 01:04:38: CONNECTED.OK.
2019-01-05 01:04:38: TX: >> byte://21/d:4[d1,d2,d3,d4]/a:0[]

2019-01-05 01:04:38: RX: << [200,OK]
2019-01-05 01:04:38: HANDSHAKE.OK.
2019-01-05 01:04:58: FINDING SERVER @('192.168.0.102', 10700)...
2019-01-05 01:04:58: CONNECTED.OK.
2019-01-05 01:04:58: TX: >> byte://21/d:4[d1,d2,d3,d4]/a:0[]

2019-01-05 01:04:58: RX: << [200,OK]
2019-01-05 01:04:58: HANDSHAKE.OK.
2019-01-05 01:05:18: FINDING SERVER @('192.168.0.102', 10700)...
2019-01-05 01:05:18: CONNECTED.OK.
2019-01-05 01:05:18: TX: >> byte://21/d:4[d1,d2,d3,d4]/a:0[]

2019-01-05 01:05:18: RX: << [200,OK]
2019-01-05 01:05:18: HANDSHAKE.OK.
2019-01-05 01:05:38: FINDING SERVER @('192.168.0.102', 10700)...
2019-01-05 01:05:38: CONNECTED.OK.
2019-01-05 01:05:38: TX: >> byte://21/d:4[d1,d2,d3,d4]/a:0[]

2019-01-05 01:05:38: RX: << [200,OK]
2019-01-05 01:05:38: HANDSHAKE.OK.
2019-01-05 01:05:58: FINDING SERVER @('192.168.0.102', 10700)...
2019-01-05 01:05:58: CONNECTED.OK.
2019-01-05 01:05:58: TX: >> byte://21/d:4[d1,d2,d3,d4]/a:0[]

2019-01-05 01:05:58: RX: << [200,OK]
2019-01-05 01:05:58: HANDSHAKE.OK.
2019-01-05 01:06:18: FINDING SERVER @('192.168.0.102', 10700)...
2019-01-05 01:06:18: CONNECTED.OK.
2019-01-05 01:06:18: TX: >> byte://21/d:4[d1,d2,d3,d4]/a:0[]

2019-01-05 01:06:18: RX: << [200,OK]
2019-01-05 01:06:18: HANDSHAKE.OK.
2019-01-05 01:06:38: FINDING SERVER @('192.168.0.102', 10700)...
2019-01-05 01:06:38: CONNECTED.OK.
2019-01-05 01:06:38: TX: >> byte://21/d:4[d1,d2,d3,d4]/a:0[]

2019-01-05 01:06:38: RX: << [200,OK]
2019-01-05 01:06:38: HANDSHAKE.OK.
2019-01-05 01:06:58: FINDING SERVER @('192.168.0.102', 10700)...
2019-01-05 01:06:58: CONNECTED.OK.
2019-01-05 01:06:58: TX: >> byte://21/d:4[d1,d2,d3,d4]/a:0[]

2019-01-05 01:06:58: RX: << [200,OK]
2019-01-05 01:06:58: HANDSHAKE.OK.
2019-01-05 01:07:18: FINDING SERVER @('192.168.0.102', 10700)...
2019-01-05 01:07:18: CONNECTED.OK.
2019-01-05 01:07:18: TX: >> byte://21/d:4[d1,d2,d3,d4]/a:0[]

2019-01-05 01:07:18: RX: << [200,OK]
2019-01-05 01:07:18: HANDSHAKE.OK.
2019-01-05 01:07:38: FINDING SERVER @('192.168.0.102', 10700)...
2019-01-05 01:07:38: CONNECTED.OK.
2019-01-05 01:07:38: TX: >> byte://21/d:4[d1,d2,d3,d4]/a:0[]

2019-01-05 01:07:38: RX: << [200,OK]
2019-01-05 01:07:38: HANDSHAKE.OK.
2019-01-05 01:07:58: FINDING SERVER @('192.168.0.102', 10700)...
2019-01-05 01:07:58: CONNECTED.OK.
2019-01-05 01:07:58: TX: >> byte://21/d:4[d1,d2,d3,d4]/a:0[]

2019-01-05 01:07:58: RX: << [200,OK]
2019-01-05 01:07:58: HANDSHAKE.OK.
2019-01-05 01:08:18: FINDING SERVER @('192.168.0.102', 10700)...
2019-01-05 01:08:18: CONNECTED.OK.
2019-01-05 01:08:18: TX: >> byte://21/d:4[d1,d2,d3,d4]/a:0[]

2019-01-05 01:08:18: RX: << [200,OK]
2019-01-05 01:08:18: HANDSHAKE.OK.
2019-01-05 01:08:38: FINDING SERVER @('192.168.0.102', 10700)...
2019-01-05 01:08:38: CONNECTED.OK.
2019-01-05 01:08:38: TX: >> byte://21/d:4[d1,d2,d3,d4]/a:0[]

2019-01-05 01:08:38: RX: << [200,OK]
2019-01-05 01:08:38: HANDSHAKE.OK.
2019-01-05 01:08:58: FINDING SERVER @('192.168.0.102', 10700)...
2019-01-05 01:08:58: CONNECTED.OK.
2019-01-05 01:08:58: TX: >> byte://21/d:4[d1,d2,d3,d4]/a:0[]

2019-01-05 01:08:58: RX: << [200,OK]
2019-01-05 01:08:58: HANDSHAKE.OK.
2019-01-05 01:09:18: FINDING SERVER @('192.168.0.102', 10700)...
2019-01-05 01:09:18: CONNECTED.OK.
2019-01-05 01:09:18: TX: >> byte://21/d:4[d1,d2,d3,d4]/a:0[]

2019-01-05 01:09:18: RX: << [200,OK]
2019-01-05 01:09:18: HANDSHAKE.OK.
2019-01-05 01:09:38: FINDING SERVER @('192.168.0.102', 10700)...
2019-01-05 01:09:38: CONNECTED.OK.
2019-01-05 01:09:38: TX: >> byte://21/d:4[d1,d2,d3,d4]/a:0[]

2019-01-05 01:09:38: RX: << [200,OK]
2019-01-05 01:09:38: HANDSHAKE.OK.
2019-01-05 01:09:58: FINDING SERVER @('192.168.0.102', 10700)...
2019-01-05 01:09:58: CONNECTED.OK.
2019-01-05 01:09:58: TX: >> byte://21/d:4[d1,d2,d3,d4]/a:0[]

2019-01-05 01:09:58: RX: << [200,OK]
2019-01-05 01:09:58: HANDSHAKE.OK.
2019-01-05 01:10:18: FINDING SERVER @('192.168.0.102', 10700)...
2019-01-05 01:10:18: CONNECTED.OK.
2019-01-05 01:10:18: TX: >> byte://21/d:4[d1,d2,d3,d4]/a:0[]

2019-01-05 01:10:18: RX: << [200,OK]
2019-01-05 01:10:18: HANDSHAKE.OK.
2019-01-05 01:10:38: FINDING SERVER @('192.168.0.102', 10700)...
2019-01-05 01:10:38: CONNECTED.OK.
2019-01-05 01:10:38: TX: >> byte://21/d:4[d1,d2,d3,d4]/a:0[]

2019-01-05 01:10:38: RX: << [200,OK]
2019-01-05 01:10:38: HANDSHAKE.OK.
2019-01-05 01:10:58: FINDING SERVER @('192.168.0.102', 10700)...
2019-01-05 01:10:58: CONNECTED.OK.
2019-01-05 01:10:58: TX: >> byte://21/d:4[d1,d2,d3,d4]/a:0[]

2019-01-05 01:10:58: RX: << [200,OK]
2019-01-05 01:10:58: HANDSHAKE.OK.
2019-01-05 01:11:18: FINDING SERVER @('192.168.0.102', 10700)...
2019-01-05 01:11:18: CONNECTED.OK.
2019-01-05 01:11:18: TX: >> byte://21/d:4[d1,d2,d3,d4]/a:0[]

2019-01-05 01:11:18: RX: << [200,OK]
2019-01-05 01:11:18: HANDSHAKE.OK.
2019-01-05 01:11:38: FINDING SERVER @('192.168.0.102', 10700)...
2019-01-05 01:11:38: CONNECTED.OK.
2019-01-05 01:11:38: TX: >> byte://21/d:4[d1,d2,d3,d4]/a:0[]

2019-01-05 01:11:38: RX: << [200,OK]
2019-01-05 01:11:38: HANDSHAKE.OK.
2019-01-05 01:11:58: FINDING SERVER @('192.168.0.102', 10700)...
2019-01-05 01:11:58: CONNECTED.OK.
2019-01-05 01:11:58: TX: >> byte://21/d:4[d1,d2,d3,d4]/a:0[]

2019-01-05 01:11:58: RX: << [200,OK]
2019-01-05 01:11:58: HANDSHAKE.OK.
2019-01-05 01:12:18: FINDING SERVER @('192.168.0.102', 10700)...
2019-01-05 01:12:18: CONNECTED.OK.
2019-01-05 01:12:18: TX: >> byte://21/d:4[d1,d2,d3,d4]/a:0[]

2019-01-05 01:12:18: RX: << [200,OK]
2019-01-05 01:12:18: HANDSHAKE.OK.
2019-01-05 01:12:38: FINDING SERVER @('192.168.0.102', 10700)...
2019-01-05 01:12:38: CONNECTED.OK.
2019-01-05 01:12:38: TX: >> byte://21/d:4[d1,d2,d3,d4]/a:0[]

2019-01-05 01:12:38: RX: << [200,OK]
2019-01-05 01:12:38: HANDSHAKE.OK.
2019-01-05 01:12:58: FINDING SERVER @('192.168.0.102', 10700)...
2019-01-05 01:12:58: CONNECTED.OK.
2019-01-05 01:12:58: TX: >> byte://21/d:4[d1,d2,d3,d4]/a:0[]

2019-01-05 01:12:58: RX: << [200,OK]
2019-01-05 01:12:58: HANDSHAKE.OK.
2019-01-05 01:13:18: FINDING SERVER @('192.168.0.102', 10700)...
2019-01-05 01:13:18: CONNECTED.OK.
2019-01-05 01:13:18: TX: >> byte://21/d:4[d1,d2,d3,d4]/a:0[]

2019-01-05 01:13:18: RX: << [200,OK]
2019-01-05 01:13:18: HANDSHAKE.OK.
2019-01-05 01:13:38: FINDING SERVER @('192.168.0.102', 10700)...
2019-01-05 01:13:38: CONNECTED.OK.
2019-01-05 01:13:38: TX: >> byte://21/d:4[d1,d2,d3,d4]/a:0[]

2019-01-05 01:13:38: RX: << [200,OK]
2019-01-05 01:13:38: HANDSHAKE.OK.
2019-01-05 01:13:58: FINDING SERVER @('192.168.0.102', 10700)...
2019-01-05 01:13:58: CONNECTED.OK.
2019-01-05 01:13:58: TX: >> byte://21/d:4[d1,d2,d3,d4]/a:0[]

2019-01-05 01:13:58: RX: << [200,OK]
2019-01-05 01:13:58: HANDSHAKE.OK.
2019-01-05 01:14:18: FINDING SERVER @('192.168.0.102', 10700)...
2019-01-05 01:14:18: CONNECTED.OK.
2019-01-05 01:14:18: TX: >> byte://21/d:4[d1,d2,d3,d4]/a:0[]

2019-01-05 01:14:18: RX: << [200,OK]
2019-01-05 01:14:18: HANDSHAKE.OK.
2019-01-05 01:14:38: FINDING SERVER @('192.168.0.102', 10700)...
2019-01-05 01:14:38: CONNECTED.OK.
2019-01-05 01:14:38: TX: >> byte://21/d:4[d1,d2,d3,d4]/a:0[]

2019-01-05 01:14:38: RX: << [200,OK]
2019-01-05 01:14:38: HANDSHAKE.OK.
2019-01-05 01:14:58: FINDING SERVER @('192.168.0.102', 10700)...
2019-01-05 01:14:58: CONNECTED.OK.
2019-01-05 01:14:58: TX: >> byte://21/d:4[d1,d2,d3,d4]/a:0[]

2019-01-05 01:14:58: RX: << [200,OK]
2019-01-05 01:14:58: HANDSHAKE.OK.
2019-01-05 01:15:18: FINDING SERVER @('192.168.0.102', 10700)...
2019-01-05 01:15:18: CONNECTED.OK.
2019-01-05 01:15:18: TX: >> byte://21/d:4[d1,d2,d3,d4]/a:0[]

2019-01-05 01:15:18: RX: << [200,OK]
2019-01-05 01:15:18: HANDSHAKE.OK.
2019-01-05 01:15:38: FINDING SERVER @('192.168.0.102', 10700)...
2019-01-05 01:15:38: CONNECTED.OK.
2019-01-05 01:15:38: TX: >> byte://21/d:4[d1,d2,d3,d4]/a:0[]

2019-01-05 01:15:38: RX: << [200,OK]
2019-01-05 01:15:38: HANDSHAKE.OK.
2019-01-05 01:15:58: FINDING SERVER @('192.168.0.102', 10700)...
2019-01-05 01:15:58: CONNECTED.OK.
2019-01-05 01:15:58: TX: >> byte://21/d:4[d1,d2,d3,d4]/a:0[]

2019-01-05 01:15:58: RX: << [200,OK]
2019-01-05 01:15:58: HANDSHAKE.OK.
2019-01-05 01:16:18: FINDING SERVER @('192.168.0.102', 10700)...
2019-01-05 01:16:18: CONNECTED.OK.
2019-01-05 01:16:18: TX: >> byte://21/d:4[d1,d2,d3,d4]/a:0[]

2019-01-05 01:16:18: RX: << [200,OK]
2019-01-05 01:16:18: HANDSHAKE.OK.
2019-01-05 01:16:38: FINDING SERVER @('192.168.0.102', 10700)...
2019-01-05 01:16:38: CONNECTED.OK.
2019-01-05 01:16:38: TX: >> byte://21/d:4[d1,d2,d3,d4]/a:0[]

2019-01-05 01:16:38: RX: << [200,OK]
2019-01-05 01:16:38: HANDSHAKE.OK.
2019-01-05 01:16:58: FINDING SERVER @('192.168.0.102', 10700)...
2019-01-05 01:16:58: CONNECTED.OK.
2019-01-05 01:16:58: TX: >> byte://21/d:4[d1,d2,d3,d4]/a:0[]

2019-01-05 01:16:58: RX: << [200,OK]
2019-01-05 01:16:58: HANDSHAKE.OK.
2019-01-05 01:17:18: FINDING SERVER @('192.168.0.102', 10700)...
2019-01-05 01:17:18: CONNECTED.OK.
2019-01-05 01:17:18: TX: >> byte://21/d:4[d1,d2,d3,d4]/a:0[]

2019-01-05 01:17:18: RX: << [200,OK]
2019-01-05 01:17:18: HANDSHAKE.OK.
2019-01-05 01:17:38: FINDING SERVER @('192.168.0.102', 10700)...
2019-01-05 01:17:38: CONNECTED.OK.
2019-01-05 01:17:38: TX: >> byte://21/d:4[d1,d2,d3,d4]/a:0[]

2019-01-05 01:17:38: RX: << [200,OK]
2019-01-05 01:17:38: HANDSHAKE.OK.
2019-01-05 01:17:58: FINDING SERVER @('192.168.0.102', 10700)...
2019-01-05 01:17:58: CONNECTED.OK.
2019-01-05 01:17:58: TX: >> byte://21/d:4[d1,d2,d3,d4]/a:0[]

2019-01-05 01:17:58: RX: << [200,OK]
2019-01-05 01:17:58: HANDSHAKE.OK.
2019-01-05 01:18:18: FINDING SERVER @('192.168.0.102', 10700)...
2019-01-05 01:18:18: CONNECTED.OK.
2019-01-05 01:18:18: TX: >> byte://21/d:4[d1,d2,d3,d4]/a:0[]

2019-01-05 01:18:18: RX: << [200,OK]
2019-01-05 01:18:18: HANDSHAKE.OK.
2019-01-05 01:18:38: FINDING SERVER @('192.168.0.102', 10700)...
2019-01-05 01:18:38: CONNECTED.OK.
2019-01-05 01:18:38: TX: >> byte://21/d:4[d1,d2,d3,d4]/a:0[]

2019-01-05 01:18:38: RX: << [200,OK]
2019-01-05 01:18:38: HANDSHAKE.OK.
2019-01-05 01:18:58: FINDING SERVER @('192.168.0.102', 10700)...
2019-01-05 01:18:58: CONNECTED.OK.
2019-01-05 01:18:58: TX: >> byte://21/d:4[d1,d2,d3,d4]/a:0[]

2019-01-05 01:18:58: RX: << [200,OK]
2019-01-05 01:18:58: HANDSHAKE.OK.
2019-01-05 01:19:18: FINDING SERVER @('192.168.0.102', 10700)...
2019-01-05 01:19:18: CONNECTED.OK.
2019-01-05 01:19:18: TX: >> byte://21/d:4[d1,d2,d3,d4]/a:0[]

2019-01-05 01:19:18: RX: << [200,OK]
2019-01-05 01:19:18: HANDSHAKE.OK.
2019-01-05 01:19:38: FINDING SERVER @('192.168.0.102', 10700)...
2019-01-05 01:19:38: CONNECTED.OK.
2019-01-05 01:19:38: TX: >> byte://21/d:4[d1,d2,d3,d4]/a:0[]

2019-01-05 01:19:38: RX: << [200,OK]
2019-01-05 01:19:38: HANDSHAKE.OK.
2019-01-05 01:19:58: FINDING SERVER @('192.168.0.102', 10700)...
2019-01-05 01:19:58: CONNECTED.OK.
2019-01-05 01:19:58: TX: >> byte://21/d:4[d1,d2,d3,d4]/a:0[]

2019-01-05 01:19:58: RX: << [200,OK]
2019-01-05 01:19:58: HANDSHAKE.OK.
2019-01-05 01:20:18: FINDING SERVER @('192.168.0.102', 10700)...
2019-01-05 01:20:18: CONNECTED.OK.
2019-01-05 01:20:18: TX: >> byte://21/d:4[d1,d2,d3,d4]/a:0[]

2019-01-05 01:20:18: RX: << [200,OK]
2019-01-05 01:20:18: HANDSHAKE.OK.
2019-01-05 01:20:38: FINDING SERVER @('192.168.0.102', 10700)...
2019-01-05 01:20:38: CONNECTED.OK.
2019-01-05 01:20:38: TX: >> byte://21/d:4[d1,d2,d3,d4]/a:0[]

2019-01-05 01:20:38: RX: << [200,OK]
2019-01-05 01:20:38: HANDSHAKE.OK.
2019-01-05 01:20:58: FINDING SERVER @('192.168.0.102', 10700)...
2019-01-05 01:20:58: CONNECTED.OK.
2019-01-05 01:20:58: TX: >> byte://21/d:4[d1,d2,d3,d4]/a:0[]

2019-01-05 01:20:58: RX: << [200,OK]
2019-01-05 01:20:58: HANDSHAKE.OK.
2019-01-05 01:21:18: FINDING SERVER @('192.168.0.102', 10700)...
2019-01-05 01:21:18: CONNECTED.OK.
2019-01-05 01:21:18: TX: >> byte://21/d:4[d1,d2,d3,d4]/a:0[]

2019-01-05 01:21:18: RX: << [200,OK]
2019-01-05 01:21:18: HANDSHAKE.OK.
2019-01-05 01:21:39: FINDING SERVER @('192.168.0.102', 10700)...
2019-01-05 01:21:39: CONNECTED.OK.
2019-01-05 01:21:39: TX: >> byte://21/d:4[d1,d2,d3,d4]/a:0[]

2019-01-05 01:21:39: RX: << [200,OK]
2019-01-05 01:21:39: HANDSHAKE.OK.
2019-01-05 01:21:59: FINDING SERVER @('192.168.0.102', 10700)...
2019-01-05 01:21:59: CONNECTED.OK.
2019-01-05 01:21:59: TX: >> byte://21/d:4[d1,d2,d3,d4]/a:0[]

2019-01-05 01:21:59: RX: << [200,OK]
2019-01-05 01:21:59: HANDSHAKE.OK.
2019-01-05 01:22:11: RECEIVED
2019-01-05 01:22:11: WAIT FOR CMD...
2019-01-05 01:22:14: RECEIVED
2019-01-05 01:22:14: WAIT FOR CMD...
2019-01-05 01:22:19: FINDING SERVER @('192.168.0.102', 10700)...
2019-01-05 01:22:19: CONNECTED.OK.
2019-01-05 01:22:19: TX: >> byte://21/d:4[d1,d2,d3,d4]/a:0[]

2019-01-05 01:22:19: RX: << [200,OK]
2019-01-05 01:22:19: HANDSHAKE.OK.
2019-01-05 01:22:39: FINDING SERVER @('192.168.0.102', 10700)...
2019-01-05 01:22:39: CONNECTED.OK.
2019-01-05 01:22:39: TX: >> byte://21/d:4[d1,d2,d3,d4]/a:0[]

2019-01-05 01:22:39: RX: << [200,OK]
2019-01-05 01:22:39: HANDSHAKE.OK.
2019-01-05 01:22:59: FINDING SERVER @('192.168.0.102', 10700)...
2019-01-05 01:22:59: CONNECTED.OK.
2019-01-05 01:22:59: TX: >> byte://21/d:4[d1,d2,d3,d4]/a:0[]

2019-01-05 01:22:59: RX: << [200,OK]
2019-01-05 01:22:59: HANDSHAKE.OK.
2019-01-05 01:23:19: FINDING SERVER @('192.168.0.102', 10700)...
2019-01-05 01:23:19: CONNECTED.OK.
2019-01-05 01:23:19: TX: >> byte://21/d:4[d1,d2,d3,d4]/a:0[]

2019-01-05 01:23:19: RX: << [200,OK]
2019-01-05 01:23:19: HANDSHAKE.OK.
2019-01-05 01:23:39: FINDING SERVER @('192.168.0.102', 10700)...
2019-01-05 01:23:39: CONNECTED.OK.
2019-01-05 01:23:39: TX: >> byte://21/d:4[d1,d2,d3,d4]/a:0[]

2019-01-05 01:23:39: RX: << [200,OK]
2019-01-05 01:23:39: HANDSHAKE.OK.
2019-01-05 01:23:59: FINDING SERVER @('192.168.0.102', 10700)...
2019-01-05 01:23:59: CONNECTED.OK.
2019-01-05 01:23:59: TX: >> byte://21/d:4[d1,d2,d3,d4]/a:0[]

2019-01-05 01:23:59: RX: << [200,OK]
2019-01-05 01:23:59: HANDSHAKE.OK.
2019-01-05 01:24:19: FINDING SERVER @('192.168.0.102', 10700)...
2019-01-05 01:24:19: CONNECTED.OK.
2019-01-05 01:24:19: TX: >> byte://21/d:4[d1,d2,d3,d4]/a:0[]

2019-01-05 01:24:19: RX: << [200,OK]
2019-01-05 01:24:19: HANDSHAKE.OK.
2019-01-05 01:24:39: FINDING SERVER @('192.168.0.102', 10700)...
2019-01-05 01:24:39: CONNECTED.OK.
2019-01-05 01:24:39: TX: >> byte://21/d:4[d1,d2,d3,d4]/a:0[]

2019-01-05 01:24:39: RX: << [200,OK]
2019-01-05 01:24:39: HANDSHAKE.OK.
2019-01-05 01:24:59: FINDING SERVER @('192.168.0.102', 10700)...
2019-01-05 01:24:59: CONNECTED.OK.
2019-01-05 01:24:59: TX: >> byte://21/d:4[d1,d2,d3,d4]/a:0[]

2019-01-05 01:24:59: RX: << [200,OK]
2019-01-05 01:24:59: HANDSHAKE.OK.
2019-01-05 01:25:19: FINDING SERVER @('192.168.0.102', 10700)...
2019-01-05 01:25:19: CONNECTED.OK.
2019-01-05 01:25:19: TX: >> byte://21/d:4[d1,d2,d3,d4]/a:0[]

2019-01-05 01:25:19: RX: << [200,OK]
2019-01-05 01:25:19: HANDSHAKE.OK.
2019-01-05 01:25:39: FINDING SERVER @('192.168.0.102', 10700)...
2019-01-05 01:25:39: CONNECTED.OK.
2019-01-05 01:25:39: TX: >> byte://21/d:4[d1,d2,d3,d4]/a:0[]

2019-01-05 01:25:39: RX: << [200,OK]
2019-01-05 01:25:39: HANDSHAKE.OK.
2019-01-05 01:25:59: FINDING SERVER @('192.168.0.102', 10700)...
2019-01-05 01:25:59: CONNECTED.OK.
2019-01-05 01:25:59: TX: >> byte://21/d:4[d1,d2,d3,d4]/a:0[]

2019-01-05 01:25:59: RX: << [200,OK]
2019-01-05 01:25:59: HANDSHAKE.OK.
2019-01-05 01:26:19: FINDING SERVER @('192.168.0.102', 10700)...
2019-01-05 01:26:19: CONNECTED.OK.
2019-01-05 01:26:19: TX: >> byte://21/d:4[d1,d2,d3,d4]/a:0[]

2019-01-05 01:26:19: RX: << [200,OK]
2019-01-05 01:26:19: HANDSHAKE.OK.
2019-01-05 01:26:39: FINDING SERVER @('192.168.0.102', 10700)...
2019-01-05 01:26:39: CONNECTED.OK.
2019-01-05 01:26:39: TX: >> byte://21/d:4[d1,d2,d3,d4]/a:0[]

2019-01-05 01:26:39: RX: << [200,OK]
2019-01-05 01:26:39: HANDSHAKE.OK.
2019-01-05 01:26:59: FINDING SERVER @('192.168.0.102', 10700)...
2019-01-05 01:26:59: CONNECTED.OK.
2019-01-05 01:26:59: TX: >> byte://21/d:4[d1,d2,d3,d4]/a:0[]

2019-01-05 01:26:59: RX: << [200,OK]
2019-01-05 01:26:59: HANDSHAKE.OK.
2019-01-05 01:27:19: FINDING SERVER @('192.168.0.102', 10700)...
2019-01-05 01:27:19: CONNECTED.OK.
2019-01-05 01:27:19: TX: >> byte://21/d:4[d1,d2,d3,d4]/a:0[]

2019-01-05 01:27:19: RX: << [200,OK]
2019-01-05 01:27:19: HANDSHAKE.OK.
2019-01-05 01:27:39: FINDING SERVER @('192.168.0.102', 10700)...
2019-01-05 01:27:39: CONNECTED.OK.
2019-01-05 01:27:39: TX: >> byte://21/d:4[d1,d2,d3,d4]/a:0[]

2019-01-05 01:27:39: RX: << [200,OK]
2019-01-05 01:27:39: HANDSHAKE.OK.
2019-01-05 01:27:59: FINDING SERVER @('192.168.0.102', 10700)...
2019-01-05 01:27:59: CONNECTED.OK.
2019-01-05 01:27:59: TX: >> byte://21/d:4[d1,d2,d3,d4]/a:0[]

2019-01-05 01:27:59: RX: << [200,OK]
2019-01-05 01:27:59: HANDSHAKE.OK.
2019-01-05 01:28:19: FINDING SERVER @('192.168.0.102', 10700)...
2019-01-05 01:28:19: CONNECTED.OK.
2019-01-05 01:28:19: TX: >> byte://21/d:4[d1,d2,d3,d4]/a:0[]

2019-01-05 01:28:19: RX: << [200,OK]
2019-01-05 01:28:19: HANDSHAKE.OK.
2019-01-05 01:28:39: FINDING SERVER @('192.168.0.102', 10700)...
2019-01-05 01:28:39: CONNECTED.OK.
2019-01-05 01:28:39: TX: >> byte://21/d:4[d1,d2,d3,d4]/a:0[]

2019-01-05 01:28:39: RX: << [200,OK]
2019-01-05 01:28:39: HANDSHAKE.OK.
2019-01-05 01:28:59: FINDING SERVER @('192.168.0.102', 10700)...
2019-01-05 01:28:59: CONNECTED.OK.
2019-01-05 01:28:59: TX: >> byte://21/d:4[d1,d2,d3,d4]/a:0[]

2019-01-05 01:28:59: RX: << [200,OK]
2019-01-05 01:28:59: HANDSHAKE.OK.
2019-01-05 01:29:19: FINDING SERVER @('192.168.0.102', 10700)...
2019-01-05 01:29:19: CONNECTED.OK.
2019-01-05 01:29:19: TX: >> byte://21/d:4[d1,d2,d3,d4]/a:0[]

2019-01-05 01:29:19: RX: << [200,OK]
2019-01-05 01:29:19: HANDSHAKE.OK.
2019-01-05 01:29:39: FINDING SERVER @('192.168.0.102', 10700)...
2019-01-05 01:29:39: CONNECTED.OK.
2019-01-05 01:29:39: TX: >> byte://21/d:4[d1,d2,d3,d4]/a:0[]

2019-01-05 01:29:39: RX: << [200,OK]
2019-01-05 01:29:39: HANDSHAKE.OK.
2019-01-05 01:29:59: FINDING SERVER @('192.168.0.102', 10700)...
2019-01-05 01:29:59: CONNECTED.OK.
2019-01-05 01:29:59: TX: >> byte://21/d:4[d1,d2,d3,d4]/a:0[]

2019-01-05 01:29:59: RX: << [200,OK]
2019-01-05 01:29:59: HANDSHAKE.OK.
2019-01-05 01:30:19: FINDING SERVER @('192.168.0.102', 10700)...
2019-01-05 01:30:19: CONNECTED.OK.
2019-01-05 01:30:19: TX: >> byte://21/d:4[d1,d2,d3,d4]/a:0[]

2019-01-05 01:30:19: RX: << [200,OK]
2019-01-05 01:30:19: HANDSHAKE.OK.
2019-01-05 01:30:39: FINDING SERVER @('192.168.0.102', 10700)...
2019-01-05 01:30:39: CONNECTED.OK.
2019-01-05 01:30:39: TX: >> byte://21/d:4[d1,d2,d3,d4]/a:0[]

2019-01-05 01:30:39: RX: << [200,OK]
2019-01-05 01:30:39: HANDSHAKE.OK.
2019-01-05 01:30:57: RECEIVED
2019-01-05 01:30:57: WAIT FOR CMD...
2019-01-05 01:30:59: FINDING SERVER @('192.168.0.102', 10700)...
2019-01-05 01:30:59: CONNECTED.OK.
2019-01-05 01:30:59: TX: >> byte://21/d:4[d1,d2,d3,d4]/a:0[]

2019-01-05 01:30:59: RX: << [200,OK]
2019-01-05 01:30:59: HANDSHAKE.OK.
2019-01-05 01:31:19: FINDING SERVER @('192.168.0.102', 10700)...
2019-01-05 01:31:19: CONNECTED.OK.
2019-01-05 01:31:19: TX: >> byte://21/d:4[d1,d2,d3,d4]/a:0[]

2019-01-05 01:31:19: RX: << [200,OK]
2019-01-05 01:31:19: HANDSHAKE.OK.
2019-01-05 01:31:29: RECEIVED
2019-01-05 01:31:29: WAIT FOR CMD...
2019-01-05 01:31:39: FINDING SERVER @('192.168.0.102', 10700)...
2019-01-05 01:31:39: CONNECTED.OK.
2019-01-05 01:31:39: TX: >> byte://21/d:4[d1,d2,d3,d4]/a:0[]

2019-01-05 01:31:39: RX: << [200,OK]
2019-01-05 01:31:39: HANDSHAKE.OK.
2019-01-05 01:31:39: EXIT.
2019-01-05 01:31:41: Welcome to IOTP Slave version 2.0.0
2019-01-05 01:31:41: IN CONFIG...
2019-01-05 01:31:41: d5
2019-01-05 01:31:41: d6
2019-01-05 01:31:41: d7
2019-01-05 01:31:41: d8
2019-01-05 01:31:41: CONFIG OK.
2019-01-05 01:31:41: FINDING SERVER @('192.168.0.102', 10700)...
2019-01-05 01:31:41: CONNECTED.OK.
2019-01-05 01:31:41: TX: >> byte://21/d:4[d1,d2,d3,d4]/a:0[]

2019-01-05 01:31:41: RX: << [200,OK]
2019-01-05 01:31:41: HANDSHAKE.OK.
2019-01-05 01:31:41: WAIT FOR ETH...
2019-01-05 01:31:44: EXIT.
2019-01-05 01:31:49: Welcome to IOTP Slave version 2.0.0
2019-01-05 01:31:49: IN CONFIG...
2019-01-05 01:31:49: d5
2019-01-05 01:31:49: d6
2019-01-05 01:31:49: d7
2019-01-05 01:31:49: d8
2019-01-05 01:31:49: CONFIG OK.
2019-01-05 01:31:49: FINDING SERVER @('192.168.0.102', 10700)...
2019-01-05 01:31:49: CONNECTED.OK.
2019-01-05 01:31:49: TX: >> byte://21/d:4[d1,d2,d3,d4]/a:0[]

2019-01-05 01:31:49: RX: << [200,OK]
2019-01-05 01:31:49: HANDSHAKE.OK.
2019-01-05 01:31:49: WAIT FOR ETH...
2019-01-05 01:31:54: ETH OK.
2019-01-05 01:31:54: CREATING SERVER @ PORT10701...
2019-01-05 01:31:54: SERVER OK.RUNNING.
2019-01-05 01:31:54: WAIT FOR CMD...
2019-01-05 01:32:05: RECEIVED
2019-01-05 01:32:05: WAIT FOR CMD...
2019-01-05 01:32:09: FINDING SERVER @('192.168.0.102', 10700)...
2019-01-05 01:32:09: CONNECTED.OK.
2019-01-05 01:32:09: TX: >> byte://21/d:4[d1,d2,d3,d4]/a:0[]

2019-01-05 01:32:09: RX: << [200,OK]
2019-01-05 01:32:09: HANDSHAKE.OK.
2019-01-05 01:32:29: FINDING SERVER @('192.168.0.102', 10700)...
2019-01-05 01:32:29: CONNECTED.OK.
2019-01-05 01:32:29: TX: >> byte://21/d:4[d1,d2,d3,d4]/a:0[]

2019-01-05 01:32:29: RX: << [200,OK]
2019-01-05 01:32:29: HANDSHAKE.OK.
2019-01-05 01:32:35: RECEIVED
2019-01-05 01:32:35: WAIT FOR CMD...
2019-01-05 01:32:39: RECEIVED
2019-01-05 01:32:39: WAIT FOR CMD...
2019-01-05 01:32:47: RECEIVED
2019-01-05 01:32:47: WAIT FOR CMD...
2019-01-05 01:32:49: FINDING SERVER @('192.168.0.102', 10700)...
2019-01-05 01:32:49: CONNECTED.OK.
2019-01-05 01:32:49: TX: >> byte://21/d:4[d1,d2,d3,d4]/a:0[]

2019-01-05 01:32:49: RX: << [200,OK]
2019-01-05 01:32:49: HANDSHAKE.OK.
2019-01-05 01:32:51: RECEIVED
2019-01-05 01:32:51: WAIT FOR CMD...
2019-01-05 01:32:55: RECEIVED
2019-01-05 01:32:55: WAIT FOR CMD...
2019-01-05 01:33:02: RECEIVED
2019-01-05 01:33:02: WAIT FOR CMD...
2019-01-05 01:33:06: RECEIVED
2019-01-05 01:33:06: WAIT FOR CMD...
2019-01-05 01:33:09: FINDING SERVER @('192.168.0.102', 10700)...
2019-01-05 01:33:09: CONNECTED.OK.
2019-01-05 01:33:09: TX: >> byte://21/d:4[d1,d2,d3,d4]/a:0[]

2019-01-05 01:33:09: RX: << [200,OK]
2019-01-05 01:33:09: HANDSHAKE.OK.
2019-01-05 01:33:29: FINDING SERVER @('192.168.0.102', 10700)...
2019-01-05 01:33:29: CONNECTED.OK.
2019-01-05 01:33:29: TX: >> byte://21/d:4[d1,d2,d3,d4]/a:0[]

2019-01-05 01:33:29: RX: << [200,OK]
2019-01-05 01:33:29: HANDSHAKE.OK.
2019-01-05 01:33:49: FINDING SERVER @('192.168.0.102', 10700)...
2019-01-05 01:33:49: CONNECTED.OK.
2019-01-05 01:33:49: TX: >> byte://21/d:4[d1,d2,d3,d4]/a:0[]

2019-01-05 01:33:49: RX: << [200,OK]
2019-01-05 01:33:49: HANDSHAKE.OK.
2019-01-05 01:33:56: EXIT.
2019-01-05 01:34:06: Welcome to IOTP Slave version 2.0.0
2019-01-05 01:34:06: IN CONFIG...
2019-01-05 01:34:06: d5
2019-01-05 01:34:06: d6
2019-01-05 01:34:06: d7
2019-01-05 01:34:06: d8
2019-01-05 01:34:06: CONFIG OK.
2019-01-05 01:34:06: FINDING SERVER @('192.168.0.102', 10700)...
2019-01-05 01:34:06: CONNECTED.OK.
2019-01-05 01:34:06: TX: >> byte://21/d:4[d1,d2,d3,d4]/a:0[]

2019-01-05 01:34:06: RX: << [200,OK]
2019-01-05 01:34:06: HANDSHAKE.OK.
2019-01-05 01:34:06: WAIT FOR ETH...
2019-01-05 01:34:11: ETH OK.
2019-01-05 01:34:11: CREATING SERVER @ PORT10701...
2019-01-05 01:34:11: SERVER OK.RUNNING.
2019-01-05 01:34:11: WAIT FOR CMD...
2019-01-05 01:34:26: FINDING SERVER @('192.168.0.102', 10700)...
2019-01-05 01:34:26: CONNECTED.OK.
2019-01-05 01:34:26: TX: >> byte://21/d:4[d1,d2,d3,d4]/a:0[]

2019-01-05 01:34:26: RX: << [200,OK]
2019-01-05 01:34:26: HANDSHAKE.OK.
2019-01-05 01:34:36: RECEIVED
2019-01-05 01:34:36: WAIT FOR CMD...
2019-01-05 01:34:41: RECEIVED
2019-01-05 01:34:41: WAIT FOR CMD...
2019-01-05 01:34:46: FINDING SERVER @('192.168.0.102', 10700)...
2019-01-05 01:34:46: CONNECTED.OK.
2019-01-05 01:34:46: TX: >> byte://21/d:4[d1,d2,d3,d4]/a:0[]

2019-01-05 01:34:46: RX: << [200,OK]
2019-01-05 01:34:46: HANDSHAKE.OK.
2019-01-05 01:34:47: RECEIVED
2019-01-05 01:34:47: WAIT FOR CMD...
2019-01-05 01:34:51: RECEIVED
2019-01-05 01:34:51: WAIT FOR CMD...
2019-01-05 01:35:06: FINDING SERVER @('192.168.0.102', 10700)...
2019-01-05 01:35:06: CONNECTED.OK.
2019-01-05 01:35:06: TX: >> byte://21/d:4[d1,d2,d3,d4]/a:0[]

2019-01-05 01:35:06: RX: << [200,OK]
2019-01-05 01:35:06: HANDSHAKE.OK.
2019-01-05 01:35:26: FINDING SERVER @('192.168.0.102', 10700)...
2019-01-05 01:35:26: CONNECTED.OK.
2019-01-05 01:35:26: TX: >> byte://21/d:4[d1,d2,d3,d4]/a:0[]

2019-01-05 01:35:26: RX: << [200,OK]
2019-01-05 01:35:26: HANDSHAKE.OK.
2019-01-05 01:35:46: FINDING SERVER @('192.168.0.102', 10700)...
2019-01-05 01:35:46: CONNECTED.OK.
2019-01-05 01:35:46: TX: >> byte://21/d:4[d1,d2,d3,d4]/a:0[]

2019-01-05 01:35:46: RX: << [200,OK]
2019-01-05 01:35:46: HANDSHAKE.OK.
2019-01-05 01:36:06: FINDING SERVER @('192.168.0.102', 10700)...
2019-01-05 01:36:06: CONNECTED.OK.
2019-01-05 01:36:06: TX: >> byte://21/d:4[d1,d2,d3,d4]/a:0[]

2019-01-05 01:36:06: RX: << [200,OK]
2019-01-05 01:36:06: HANDSHAKE.OK.
2019-01-05 01:36:26: FINDING SERVER @('192.168.0.102', 10700)...
2019-01-05 01:36:26: CONNECTED.OK.
2019-01-05 01:36:26: TX: >> byte://21/d:4[d1,d2,d3,d4]/a:0[]

2019-01-05 01:36:26: RX: << [200,OK]
2019-01-05 01:36:26: HANDSHAKE.OK.
2019-01-05 01:36:46: FINDING SERVER @('192.168.0.102', 10700)...
2019-01-05 01:36:46: CONNECTED.OK.
2019-01-05 01:36:46: TX: >> byte://21/d:4[d1,d2,d3,d4]/a:0[]

2019-01-05 01:36:46: RX: << [200,OK]
2019-01-05 01:36:46: HANDSHAKE.OK.
2019-01-05 01:37:06: FINDING SERVER @('192.168.0.102', 10700)...
2019-01-05 01:37:06: CONNECTED.OK.
2019-01-05 01:37:06: TX: >> byte://21/d:4[d1,d2,d3,d4]/a:0[]

2019-01-05 01:37:06: RX: << [200,OK]
2019-01-05 01:37:06: HANDSHAKE.OK.
2019-01-05 01:37:26: FINDING SERVER @('192.168.0.102', 10700)...
2019-01-05 01:37:26: CONNECTED.OK.
2019-01-05 01:37:26: TX: >> byte://21/d:4[d1,d2,d3,d4]/a:0[]

2019-01-05 01:37:26: RX: << [200,OK]
2019-01-05 01:37:26: HANDSHAKE.OK.
2019-01-05 01:37:46: FINDING SERVER @('192.168.0.102', 10700)...
2019-01-05 01:37:46: CONNECTED.OK.
2019-01-05 01:37:46: TX: >> byte://21/d:4[d1,d2,d3,d4]/a:0[]

2019-01-05 01:37:46: RX: << [200,OK]
2019-01-05 01:37:46: HANDSHAKE.OK.
2019-01-05 01:38:06: FINDING SERVER @('192.168.0.102', 10700)...
2019-01-05 01:38:06: CONNECTED.OK.
2019-01-05 01:38:06: TX: >> byte://21/d:4[d1,d2,d3,d4]/a:0[]

2019-01-05 01:38:06: RX: << [200,OK]
2019-01-05 01:38:06: HANDSHAKE.OK.
2019-01-05 01:38:26: FINDING SERVER @('192.168.0.102', 10700)...
2019-01-05 01:38:26: CONNECTED.OK.
2019-01-05 01:38:26: TX: >> byte://21/d:4[d1,d2,d3,d4]/a:0[]

2019-01-05 01:38:26: RX: << [200,OK]
2019-01-05 01:38:26: HANDSHAKE.OK.
2019-01-05 01:38:46: FINDING SERVER @('192.168.0.102', 10700)...
2019-01-05 01:38:46: CONNECTED.OK.
2019-01-05 01:38:46: TX: >> byte://21/d:4[d1,d2,d3,d4]/a:0[]

2019-01-05 01:38:46: RX: << [200,OK]
2019-01-05 01:38:46: HANDSHAKE.OK.
2019-01-05 01:39:04: EXIT.
2019-01-05 01:39:06: FINDING SERVER @('192.168.0.102', 10700)...
2019-01-05 01:39:06: CONNECTED.OK.
2019-01-05 01:39:06: TX: >> byte://21/d:4[d1,d2,d3,d4]/a:0[]

2019-01-05 01:39:06: RX: << [200,OK]
2019-01-05 01:39:06: HANDSHAKE.OK.
2019-01-05 01:39:14: Welcome to IOTP Slave version 2.0.0
2019-01-05 01:39:14: IN CONFIG...
2019-01-05 01:39:14: d5
2019-01-05 01:39:14: d6
2019-01-05 01:39:14: d7
2019-01-05 01:39:14: d8
2019-01-05 01:39:14: CONFIG OK.
2019-01-05 01:39:14: FINDING SERVER @('192.168.0.102', 10700)...
2019-01-05 01:39:14: CONNECTED.OK.
2019-01-05 01:39:14: TX: >> byte://21/d:4[d1,d2,d3,d4]/a:0[]

2019-01-05 01:39:14: RX: << [200,OK]
2019-01-05 01:39:14: HANDSHAKE.OK.
2019-01-05 01:39:14: WAIT FOR ETH...
2019-01-05 01:39:19: ETH OK.
2019-01-05 01:39:19: CREATING SERVER @ PORT10701...
2019-01-05 01:39:19: SERVER OK.RUNNING.
2019-01-05 01:39:19: WAIT FOR CMD...
2019-01-05 01:39:34: FINDING SERVER @('192.168.0.102', 10700)...
2019-01-05 01:39:34: CONNECTED.OK.
2019-01-05 01:39:34: TX: >> byte://21/d:4[d1,d2,d3,d4]/a:0[]

2019-01-05 01:39:34: RX: << [200,OK]
2019-01-05 01:39:34: HANDSHAKE.OK.
2019-01-05 01:39:54: FINDING SERVER @('192.168.0.102', 10700)...
2019-01-05 01:39:54: CONNECTED.OK.
2019-01-05 01:39:54: TX: >> byte://21/d:4[d1,d2,d3,d4]/a:0[]

2019-01-05 01:39:54: RX: << [200,OK]
2019-01-05 01:39:54: HANDSHAKE.OK.
2019-01-05 01:39:57: RECEIVED
2019-01-05 01:39:57: WAIT FOR CMD...
2019-01-05 01:40:00: RECEIVED
2019-01-05 01:40:00: WAIT FOR CMD...
2019-01-05 01:40:04: RECEIVED
2019-01-05 01:40:04: WAIT FOR CMD...
2019-01-05 01:40:07: RECEIVED
2019-01-05 01:40:07: WAIT FOR CMD...
2019-01-05 01:40:10: RECEIVED
2019-01-05 01:40:10: WAIT FOR CMD...
2019-01-05 01:40:14: FINDING SERVER @('192.168.0.102', 10700)...
2019-01-05 01:40:14: CONNECTED.OK.
2019-01-05 01:40:14: TX: >> byte://21/d:4[d1,d2,d3,d4]/a:0[]

2019-01-05 01:40:14: RX: << [200,OK]
2019-01-05 01:40:14: HANDSHAKE.OK.
2019-01-05 01:40:14: RECEIVED
2019-01-05 01:40:14: WAIT FOR CMD...
2019-01-05 01:40:17: RECEIVED
2019-01-05 01:40:17: WAIT FOR CMD...
2019-01-05 01:40:21: RECEIVED
2019-01-05 01:40:21: WAIT FOR CMD...
2019-01-05 01:40:26: RECEIVED
2019-01-05 01:40:26: WAIT FOR CMD...
2019-01-05 01:40:29: RECEIVED
2019-01-05 01:40:29: WAIT FOR CMD...
2019-01-05 01:40:34: RECEIVED
2019-01-05 01:40:34: WAIT FOR CMD...
2019-01-05 01:40:34: FINDING SERVER @('192.168.0.102', 10700)...
2019-01-05 01:40:34: CONNECTED.OK.
2019-01-05 01:40:34: TX: >> byte://21/d:4[d1,d2,d3,d4]/a:0[]

2019-01-05 01:40:34: RX: << [200,OK]
2019-01-05 01:40:34: HANDSHAKE.OK.
2019-01-05 01:40:38: RECEIVED
2019-01-05 01:40:38: WAIT FOR CMD...
2019-01-05 01:40:42: RECEIVED
2019-01-05 01:40:42: WAIT FOR CMD...
2019-01-05 01:40:54: FINDING SERVER @('192.168.0.102', 10700)...
2019-01-05 01:40:54: CONNECTED.OK.
2019-01-05 01:40:54: TX: >> byte://21/d:4[d1,d2,d3,d4]/a:0[]

2019-01-05 01:40:54: RX: << [200,OK]
2019-01-05 01:40:54: HANDSHAKE.OK.
2019-01-05 01:41:14: FINDING SERVER @('192.168.0.102', 10700)...
2019-01-05 01:41:14: CONNECTED.OK.
2019-01-05 01:41:14: TX: >> byte://21/d:4[d1,d2,d3,d4]/a:0[]

2019-01-05 01:41:14: RX: << [200,OK]
2019-01-05 01:41:14: HANDSHAKE.OK.
2019-01-05 01:41:34: FINDING SERVER @('192.168.0.102', 10700)...
2019-01-05 01:41:34: CONNECTED.OK.
2019-01-05 01:41:34: TX: >> byte://21/d:4[d1,d2,d3,d4]/a:0[]

2019-01-05 01:41:34: RX: << [200,OK]
2019-01-05 01:41:34: HANDSHAKE.OK.
2019-01-05 01:41:54: FINDING SERVER @('192.168.0.102', 10700)...
2019-01-05 01:41:54: CONNECTED.OK.
2019-01-05 01:41:54: TX: >> byte://21/d:4[d1,d2,d3,d4]/a:0[]

2019-01-05 01:41:54: RX: << [200,OK]
2019-01-05 01:41:54: HANDSHAKE.OK.
2019-01-05 01:42:14: FINDING SERVER @('192.168.0.102', 10700)...
2019-01-05 01:43:11: EXIT.
2019-01-05 01:43:21: Welcome to IOTP Slave version 2.0.0
2019-01-05 01:43:21: IN CONFIG...
2019-01-05 01:43:21: d5
2019-01-05 01:43:21: d6
2019-01-05 01:43:21: d7
2019-01-05 01:43:21: d8
2019-01-05 01:43:21: CONFIG OK.
2019-01-05 01:43:21: FINDING SERVER @('192.168.0.44', 10700)...
2019-01-05 01:43:21: RETRY...
2019-01-05 01:43:25: RETRY...
2019-01-05 01:43:29: RETRY...
2019-01-05 01:43:33: RETRY...
2019-01-05 01:43:37: RETRY...
2019-01-05 01:43:41: RETRY...
2019-01-05 01:43:45: RETRY...
2019-01-05 01:43:49: RETRY...
2019-01-05 01:43:53: RETRY...
2019-01-05 01:43:57: RETRY...
2019-01-05 01:44:01: RETRY...
2019-01-05 01:44:05: CONNECTED.OK.
2019-01-05 01:44:05: TX: >> byte://21/d:4[d1,d2,d3,d4]/a:0[]

2019-01-05 01:44:05: RX: << [200,OK]
2019-01-05 01:44:05: HANDSHAKE.OK.
2019-01-05 01:44:05: WAIT FOR ETH...
2019-01-05 01:44:10: ETH OK.
2019-01-05 01:44:10: CREATING SERVER @ PORT10701...
2019-01-05 01:44:10: SERVER OK.RUNNING.
2019-01-05 01:44:10: WAIT FOR CMD...
2019-01-05 01:44:25: FINDING SERVER @('192.168.0.44', 10700)...
2019-01-05 01:44:25: CONNECTED.OK.
2019-01-05 01:44:25: TX: >> byte://21/d:4[d1,d2,d3,d4]/a:0[]

2019-01-05 01:44:25: RX: << [200,OK]
2019-01-05 01:44:25: HANDSHAKE.OK.
2019-01-05 01:44:27: RECEIVED
2019-01-05 01:44:27: WAIT FOR CMD...
2019-01-05 01:44:31: RECEIVED
2019-01-05 01:44:31: WAIT FOR CMD...
2019-01-05 01:44:35: RECEIVED
2019-01-05 01:44:35: WAIT FOR CMD...
2019-01-05 01:44:38: RECEIVED
2019-01-05 01:44:38: WAIT FOR CMD...
2019-01-05 01:44:41: RECEIVED
2019-01-05 01:44:41: WAIT FOR CMD...
2019-01-05 01:44:45: FINDING SERVER @('192.168.0.44', 10700)...
2019-01-05 01:44:45: CONNECTED.OK.
2019-01-05 01:44:45: TX: >> byte://21/d:4[d1,d2,d3,d4]/a:0[]

2019-01-05 01:44:45: RX: << [200,OK]
2019-01-05 01:44:45: HANDSHAKE.OK.
2019-01-05 01:44:47: EXIT.
