2019-04-12 00:22:16:[m]: Welcome to IOTP Slave version 2.1.7
2019-04-12 00:22:16:[m]: IN CONFIG...
2019-04-12 00:22:16:[m]: CONFIG OK.
2019-04-12 00:22:48:[m]: EXIT.
2019-04-12 00:25:02:[m]: Welcome to IOTP Slave version 2.1.7
2019-04-12 00:25:02:[m]: IN CONFIG...
2019-04-12 00:25:02:[m]: CONFIG OK.
2019-04-12 00:25:19:[m]: EXIT.
2019-04-12 00:25:21:[m]: Welcome to IOTP Slave version 2.1.7
2019-04-12 00:25:21:[m]: IN CONFIG...
2019-04-12 00:25:21:[m]: CONFIG OK.
2019-04-12 00:30:33:[m]: EXIT.
2019-04-12 00:31:48:[m]: Welcome to IOTP Slave version 2.1.7
2019-04-12 00:33:33:[m]: Welcome to IOTP Slave version 2.1.7
2019-04-12 00:34:25:[m]: Welcome to IOTP Slave version 2.1.7
2019-04-12 00:34:26:[m]: IN CONFIG...
2019-04-12 00:34:26:[m]: CONFIG OK.
2019-04-12 00:35:24:[m]: EXIT.
2019-04-12 00:35:35:[m]: Welcome to IOTP Slave version 2.1.7
2019-04-12 00:35:35:[m]: IN CONFIG...
2019-04-12 00:35:35:[m]: CONFIG OK.
2019-04-12 00:35:35:[m]: CREATING SLAVE SERVER @ PORT10701...
2019-04-12 00:35:35:[m]: SLAVE SERVER OK.RUNNING.
2019-04-12 00:36:02:[m]: EXIT.
2019-04-12 00:36:06:[m]: Welcome to IOTP Slave version 2.1.7
2019-04-12 00:36:06:[m]: IN CONFIG...
2019-04-12 00:36:06:[m]: CONFIG OK.
2019-04-12 00:36:06:[m]: CREATING SLAVE SERVER @ PORT10701...
2019-04-12 00:36:06:[m]: SLAVE SERVER OK.RUNNING.
2019-04-12 00:37:22:[m]: EXIT.
2019-04-12 00:37:25:[m]: Welcome to IOTP Slave version 2.1.7
2019-04-12 00:37:25:[m]: IN CONFIG...
2019-04-12 00:37:25:[m]: CONFIG OK.
2019-04-12 00:37:25:[m]: CREATING SLAVE SERVER @ PORT10701...
2019-04-12 00:37:25:[m]: SLAVE SERVER OK.RUNNING.
2019-04-12 00:37:27:[m]: EXIT.
2019-04-12 00:37:32:[m]: Welcome to IOTP Slave version 2.1.7
2019-04-12 00:37:32:[m]: IN CONFIG...
2019-04-12 00:37:32:[m]: CONFIG OK.
2019-04-12 00:38:12:[m]: CREATING SLAVE SERVER @ PORT10701...
2019-04-12 00:38:12:[m]: SLAVE SERVER OK.RUNNING.
2019-04-12 00:39:46:[m]: EXIT.
2019-04-12 00:39:52:[m]: Welcome to IOTP Slave version 2.1.7
2019-04-12 00:39:52:[m]: IN CONFIG...
2019-04-12 00:39:52:[m]: CONFIG OK.
2019-04-12 00:39:56:[m]: CREATING SLAVE SERVER @ PORT10701...
2019-04-12 00:39:56:[m]: SLAVE SERVER OK.RUNNING.
2019-04-12 00:40:48:[m]: EXIT.
2019-04-12 00:40:51:[m]: Welcome to IOTP Slave version 2.1.7
2019-04-12 00:40:51:[m]: IN CONFIG...
2019-04-12 00:40:51:[m]: CONFIG OK.
2019-04-12 00:40:52:[m]: CREATING SLAVE SERVER @ PORT10701...
2019-04-12 00:40:52:[m]: SLAVE SERVER OK.RUNNING.
2019-04-12 00:42:34:[m]: EXIT.
2019-04-12 00:42:45:[m]: Welcome to IOTP Slave version 2.1.7
2019-04-12 00:42:45:[m]: IN CONFIG...
2019-04-12 00:42:45:[m]: CONFIG OK.
2019-04-12 00:42:46:[m]: CREATING SLAVE SERVER @ PORT10701...
2019-04-12 00:42:46:[m]: SLAVE SERVER OK.RUNNING.
2019-04-12 00:43:29:[m]: EXIT.
2019-04-12 00:43:32:[m]: Welcome to IOTP Slave version 2.1.7
2019-04-12 00:43:32:[m]: IN CONFIG...
2019-04-12 00:43:32:[m]: CONFIG OK.
2019-04-12 00:43:46:[m]: EXIT.
2019-04-12 00:44:34:[m]: Welcome to IOTP Slave version 2.1.7
2019-04-12 00:44:34:[m]: IN CONFIG...
2019-04-12 00:44:34:[m]: CONFIG OK.
2019-04-12 00:45:00:[m]: EXIT.
2019-04-12 00:45:02:[m]: Welcome to IOTP Slave version 2.1.7
2019-04-12 00:45:02:[m]: IN CONFIG...
2019-04-12 00:45:02:[m]: CONFIG OK.
2019-04-12 00:45:46:[m]: EXIT.
2019-04-12 00:45:47:[m]: Welcome to IOTP Slave version 2.1.7
2019-04-12 00:45:47:[m]: IN CONFIG...
2019-04-12 00:45:47:[m]: CONFIG OK.
2019-04-12 00:45:57:[m]: EXIT.
2019-04-12 00:46:02:[m]: Welcome to IOTP Slave version 2.1.7
2019-04-12 00:46:02:[m]: IN CONFIG...
2019-04-12 00:46:02:[m]: CONFIG OK.
2019-04-12 00:46:14:[m]: EXIT.
2019-04-12 00:46:16:[m]: Welcome to IOTP Slave version 2.1.7
2019-04-12 00:46:16:[m]: IN CONFIG...
2019-04-12 00:46:16:[m]: CONFIG OK.
2019-04-12 00:46:39:[m]: EXIT.
2019-04-12 00:46:41:[m]: Welcome to IOTP Slave version 2.1.7
2019-04-12 00:46:41:[m]: IN CONFIG...
2019-04-12 00:46:41:[m]: CONFIG OK.
2019-04-12 00:46:41:[m]: Welcome to IOTP Slave version 2.1.7
2019-04-12 00:46:41:[m]: IN CONFIG...
2019-04-12 00:46:41:[m]: CONFIG OK.
2019-04-12 00:46:44:[m]: EXIT.
2019-04-12 00:46:45:[m]: EXIT.
2019-04-12 00:46:47:[m]: Welcome to IOTP Slave version 2.1.7
2019-04-12 00:46:47:[m]: IN CONFIG...
2019-04-12 00:46:47:[m]: CONFIG OK.
2019-04-12 00:47:08:[m]: CREATING SLAVE SERVER @ PORT10701...
2019-04-12 00:47:08:[m]: SLAVE SERVER OK.RUNNING.
2019-04-12 00:48:02:[m]: EXIT.
2019-04-12 00:48:05:[m]: Welcome to IOTP Slave version 2.1.7
2019-04-12 00:48:05:[m]: IN CONFIG...
2019-04-12 00:48:05:[m]: CONFIG OK.
2019-04-12 00:48:06:[m]: CREATING SLAVE SERVER @ PORT10701...
2019-04-12 00:48:06:[m]: SLAVE SERVER OK.RUNNING.
2019-04-12 00:55:18:[m]: EXIT.
2019-04-12 00:59:25:[m]: Welcome to IOTP Slave version 2.1.7
2019-04-12 00:59:25:[m]: IN CONFIG...
2019-04-12 00:59:25:[m]: CONFIG OK.
2019-04-12 00:59:26:[m]: CREATING SLAVE SERVER @ PORT10701...
2019-04-12 00:59:26:[m]: SLAVE SERVER OK.RUNNING.
2019-04-12 01:01:15:[m]: EXIT.
